<?xml version="1.0" encoding="UTF-8"?>
<testsuites name="Beli" time="213.261" tests="2" failures="1" errors="0">
   <testsuite name="Beli" tests="2" failures="1" errors="0" time="213.261" timestamp="2020-07-09 16:21:52" hostname="user - LAPTOP-3DL54A4U" id="Test Suites/Beli">
      <properties>
[...]
</properties>
      <testcase name="Test Cases/Pembelian/Pembelian_Positif" time="125.604" classname="Test Cases/Pembelian/Pembelian_Positif" status="FAILED">
         <failure type="FAILED" message="Test Cases/Pembelian/Pembelian_Positif FAILED.
Reason:
com.kms.katalon.core.exception.StepFailedException: Unable to click on object 'Object Repository/Pembelian/Beli_Positif/Page_Pembayaran  IDPhotobook/button_Cek Status'
	at com.kms.katalon.core.webui.keyword.internal.WebUIKeywordMain.stepFailed(WebUIKeywordMain.groovy:64)
	at com.kms.katalon.core.webui.keyword.internal.WebUIKeywordMain.runKeyword(WebUIKeywordMain.groovy:26)
	at com.kms.katalon.core.webui.keyword.builtin.ClickKeyword.click(ClickKeyword.groovy:76)
	at com.kms.katalon.core.webui.keyword.builtin.ClickKeyword.execute(ClickKeyword.groovy:43)
	at com.kms.katalon.core.keyword.internal.KeywordExecutor.executeKeywordForPlatform(KeywordExecutor.groovy:72)
	at com.kms.katalon.core.webui.keyword.WebUiBuiltInKeywords.click(WebUiBuiltInKeywords.groovy:616)
	at com.kms.katalon.core.webui.keyword.WebUiBuiltInKeywords$click$1.call(Unknown Source)
	at Pembelian_Positif.run(Pembelian_Positif:162)
	at com.kms.katalon.core.main.ScriptEngine.run(ScriptEngine.java:194)
	at com.kms.katalon.core.main.ScriptEngine.runScriptAsRawText(ScriptEngine.java:119)
	at com.kms.katalon.core.main.TestCaseExecutor.runScript(TestCaseExecutor.java:337)
	at com.kms.katalon.core.main.TestCaseExecutor.doExecute(TestCaseExecutor.java:328)
	at com.kms.katalon.core.main.TestCaseExecutor.processExecutionPhase(TestCaseExecutor.java:307)
	at com.kms.katalon.core.main.TestCaseExecutor.accessMainPhase(TestCaseExecutor.java:299)
	at com.kms.katalon.core.main.TestCaseExecutor.execute(TestCaseExecutor.java:233)
	at com.kms.katalon.core.main.TestSuiteExecutor.accessTestCaseMainPhase(TestSuiteExecutor.java:169)
	at com.kms.katalon.core.main.TestSuiteExecutor.accessTestSuiteMainPhase(TestSuiteExecutor.java:142)
	at com.kms.katalon.core.main.TestSuiteExecutor.execute(TestSuiteExecutor.java:91)
	at com.kms.katalon.core.main.TestCaseMain.startTestSuite(TestCaseMain.java:157)
	at com.kms.katalon.core.main.TestCaseMain$startTestSuite$0.call(Unknown Source)
	at TempTestSuite1594286510876.run(TempTestSuite1594286510876.groovy:37)
Caused by: com.kms.katalon.core.webui.exception.WebElementNotFoundException: Web element with id: 'Object Repository/Pembelian/Beli_Positif/Page_Pembayaran  IDPhotobook/button_Cek Status' located by 'By.xpath: (.//*[normalize-space(text()) and normalize-space(.)='Ubah File'])[1]/following::button[1]' not found
	at com.kms.katalon.core.webui.common.WebUiCommonHelper.findWebElement(WebUiCommonHelper.java:1154)
	at com.kms.katalon.core.webui.keyword.internal.WebUIAbstractKeyword.findWebElement(WebUIAbstractKeyword.groovy:27)
	at com.kms.katalon.core.webui.keyword.internal.WebUIAbstractKeyword.findWebElement(WebUIAbstractKeyword.groovy:26)
	at com.kms.katalon.core.webui.keyword.builtin.ClickKeyword$_click_closure1.doCall(ClickKeyword.groovy:67)
	at com.kms.katalon.core.webui.keyword.builtin.ClickKeyword$_click_closure1.call(ClickKeyword.groovy)
	at com.kms.katalon.core.webui.keyword.internal.WebUIKeywordMain.runKeyword(WebUIKeywordMain.groovy:20)
	... 19 more
"/>
         <system-out><![CDATA[2020-07-09 16:21:52 - [TEST_CASE][FAILED] - Test Cases/Pembelian/Pembelian_Positif: Test Cases/Pembelian/Pembelian_Positif FAILED.
Reason:
com.kms.katalon.core.exception.StepFailedException: Unable to click on object 'Object Repository/Pembelian/Beli_Positif/Page_Pembayaran  IDPhotobook/button_Cek Status'
	at com.kms.katalon.core.webui.keyword.internal.WebUIKeywordMain.stepFailed(WebUIKeywordMain.groovy:64)
	at com.kms.katalon.core.webui.keyword.internal.WebUIKeywordMain.runKeyword(WebUIKeywordMain.groovy:26)
	at com.kms.katalon.core.webui.keyword.builtin.ClickKeyword.click(ClickKeyword.groovy:76)
	at com.kms.katalon.core.webui.keyword.builtin.ClickKeyword.execute(ClickKeyword.groovy:43)
	at com.kms.katalon.core.keyword.internal.KeywordExecutor.executeKeywordForPlatform(KeywordExecutor.groovy:72)
	at com.kms.katalon.core.webui.keyword.WebUiBuiltInKeywords.click(WebUiBuiltInKeywords.groovy:616)
	at com.kms.katalon.core.webui.keyword.WebUiBuiltInKeywords$click$1.call(Unknown Source)
	at Pembelian_Positif.run(Pembelian_Positif:162)
	at com.kms.katalon.core.main.ScriptEngine.run(ScriptEngine.java:194)
	at com.kms.katalon.core.main.ScriptEngine.runScriptAsRawText(ScriptEngine.java:119)
	at com.kms.katalon.core.main.TestCaseExecutor.runScript(TestCaseExecutor.java:337)
	at com.kms.katalon.core.main.TestCaseExecutor.doExecute(TestCaseExecutor.java:328)
	at com.kms.katalon.core.main.TestCaseExecutor.processExecutionPhase(TestCaseExecutor.java:307)
	at com.kms.katalon.core.main.TestCaseExecutor.accessMainPhase(TestCaseExecutor.java:299)
	at com.kms.katalon.core.main.TestCaseExecutor.execute(TestCaseExecutor.java:233)
	at com.kms.katalon.core.main.TestSuiteExecutor.accessTestCaseMainPhase(TestSuiteExecutor.java:169)
	at com.kms.katalon.core.main.TestSuiteExecutor.accessTestSuiteMainPhase(TestSuiteExecutor.java:142)
	at com.kms.katalon.core.main.TestSuiteExecutor.execute(TestSuiteExecutor.java:91)
	at com.kms.katalon.core.main.TestCaseMain.startTestSuite(TestCaseMain.java:157)
	at com.kms.katalon.core.main.TestCaseMain$startTestSuite$0.call(Unknown Source)
	at TempTestSuite1594286510876.run(TempTestSuite1594286510876.groovy:37)
Caused by: com.kms.katalon.core.webui.exception.WebElementNotFoundException: Web element with id: 'Object Repository/Pembelian/Beli_Positif/Page_Pembayaran  IDPhotobook/button_Cek Status' located by 'By.xpath: (.//*[normalize-space(text()) and normalize-space(.)='Ubah File'])[1]/following::button[1]' not found
	at com.kms.katalon.core.webui.common.WebUiCommonHelper.findWebElement(WebUiCommonHelper.java:1154)
	at com.kms.katalon.core.webui.keyword.internal.WebUIAbstractKeyword.findWebElement(WebUIAbstractKeyword.groovy:27)
	at com.kms.katalon.core.webui.keyword.internal.WebUIAbstractKeyword.findWebElement(WebUIAbstractKeyword.groovy:26)
	at com.kms.katalon.core.webui.keyword.builtin.ClickKeyword$_click_closure1.doCall(ClickKeyword.groovy:67)
	at com.kms.katalon.core.webui.keyword.builtin.ClickKeyword$_click_closure1.call(ClickKeyword.groovy)
	at com.kms.katalon.core.webui.keyword.internal.WebUIKeywordMain.runKeyword(WebUIKeywordMain.groovy:20)
	... 19 more


2020-07-09 16:21:52 - [TEST_STEP][PASSED] - SetCreateFolder = "IDPhotoBooks": null

2020-07-09 16:21:52 - [TEST_STEP][PASSED] - SetSeparate = "CallCreateSubFolder": null

2020-07-09 16:21:52 - [TEST_STEP][PASSED] - SetTestScriptID = findTestData("Pembelian/Pembelian").getValue("SCRIPT ID", 1): null

2020-07-09 16:21:53 - [TEST_STEP][PASSED] - callTestCase(findTestCase("Services/SVC_Separate"), null): Call Test Case 'Test Cases/Services/SVC_Separate' successfully

2020-07-09 16:21:53 - [TEST_CASE][PASSED] - Test Cases/Services/SVC_Separate: Test Cases/Services/SVC_Separate

2020-07-09 16:21:53 - [TEST_STEP][PASSED] - if (SetSeparate == "CallCreateSubFolder"): Call Test Case 'Test Cases/Services/SVC_Create Sub Folder' successfully

2020-07-09 16:21:53 - [TEST_STEP][PASSED] - callTestCase(findTestCase("Services/SVC_Create Folder"), null): Call Test Case 'Test Cases/Services/SVC_Create Folder' successfully

2020-07-09 16:21:53 - [TEST_CASE][PASSED] - Test Cases/Services/SVC_Create Folder: Test Cases/Services/SVC_Create Folder

2020-07-09 16:21:53 - [TEST_STEP][PASSED] - path = Paths.get("D://Test IPB//Result" + "//" + SetCreateFolder): null

2020-07-09 16:21:53 - [TEST_STEP][PASSED] - if (!(Files.exists(path))): null

2020-07-09 16:21:53 - [MESSAGE][PASSED] - Call Test Case 'Test Cases/Services/SVC_Create Folder' successfully

2020-07-09 16:21:53 - [TEST_STEP][PASSED] - callTestCase(findTestCase("Services/SVC_Create Sub Folder"), null): Call Test Case 'Test Cases/Services/SVC_Create Sub Folder' successfully

2020-07-09 16:21:53 - [TEST_CASE][PASSED] - Test Cases/Services/SVC_Create Sub Folder: Test Cases/Services/SVC_Create Sub Folder

2020-07-09 16:21:53 - [TEST_STEP][PASSED] - x = 1: null

2020-07-09 16:21:53 - [TEST_STEP][PASSED] - subpath = Paths.get("D://Test IPB//Result" + "//" + SetCreateFolder + "//Run_" + x): null

2020-07-09 16:21:53 - [TEST_STEP][PASSED] - if (!(Files.notExists(subpath))): null

2020-07-09 16:21:53 - [TEST_STEP][PASSED] - while (!(Files.notExists(subpath))): null

2020-07-09 16:21:53 - [TEST_STEP][PASSED] - if (!(Files.exists(Paths.get("D://Test IPB//Result" + "//" + SetCreateFolder + "//Run_" + x)))): null

2020-07-09 16:21:53 - [TEST_STEP][PASSED] - x += 1: null

2020-07-09 16:21:53 - [TEST_STEP][PASSED] - if (!(Files.exists(Paths.get("D://Test IPB//Result" + "//" + SetCreateFolder + "//Run_" + x)))): null

2020-07-09 16:21:53 - [TEST_STEP][PASSED] - x += 1: null

2020-07-09 16:21:53 - [TEST_STEP][PASSED] - if (!(Files.exists(Paths.get("D://Test IPB//Result" + "//" + SetCreateFolder + "//Run_" + x)))): null

2020-07-09 16:21:53 - [TEST_STEP][PASSED] - x += 1: null

2020-07-09 16:21:53 - [TEST_STEP][PASSED] - if (!(Files.exists(Paths.get("D://Test IPB//Result" + "//" + SetCreateFolder + "//Run_" + x)))): null

2020-07-09 16:21:53 - [TEST_STEP][PASSED] - x += 1: null

2020-07-09 16:21:53 - [TEST_STEP][PASSED] - if (!(Files.exists(Paths.get("D://Test IPB//Result" + "//" + SetCreateFolder + "//Run_" + x)))): null

2020-07-09 16:21:53 - [TEST_STEP][PASSED] - Files.createDirectories(Paths.get("D://Test IPB//Result" + "//" + SetCreateFolder + "//Run_" + x)): null

2020-07-09 16:21:53 - [TEST_STEP][PASSED] - break: null

2020-07-09 16:21:53 - [TEST_STEP][PASSED] - setsubpath = Paths.get("D://Test IPB//Result" + "//" + SetCreateFolder + "//Run_" + x): null

2020-07-09 16:21:53 - [TEST_STEP][PASSED] - SetPathCapture = setsubpath: null

2020-07-09 16:21:53 - [MESSAGE][PASSED] - Call Test Case 'Test Cases/Services/SVC_Create Sub Folder' successfully

2020-07-09 16:21:53 - [MESSAGE][PASSED] - Call Test Case 'Test Cases/Services/SVC_Separate' successfully

2020-07-09 16:21:53 - [TEST_STEP][PASSED] - openBrowser(findTestData("URL/URL").getValue(1, 1)): Browser is opened with url: 'https://embrio.idphotobook.com/ '

2020-07-09 16:21:53 - [MESSAGE][INFO] - Starting 'Chrome' driver

2020-07-09 16:21:54 - [MESSAGE][INFO] - Action delay is set to 0 milliseconds

2020-07-09 16:22:01 - [MESSAGE][PASSED] - Browser is opened with url: 'https://embrio.idphotobook.com/ '

2020-07-09 16:22:01 - [TEST_STEP][PASSED] - maximizeWindow(): Current window maximized

2020-07-09 16:22:03 - [MESSAGE][PASSED] - Current window maximized

2020-07-09 16:22:03 - [TEST_STEP][PASSED] - click(findTestObject("Login/Login Negatif/Page_Home  IDPhotobook/div_Akun")): Object: 'Object Repository/Login/Login Negatif/Page_Home  IDPhotobook/div_Akun' is clicked on

2020-07-09 16:22:03 - [MESSAGE][PASSED] - Object: 'Object Repository/Login/Login Negatif/Page_Home  IDPhotobook/div_Akun' is clicked on

2020-07-09 16:22:03 - [TEST_STEP][PASSED] - delay(2): Delayed 2 second(s)

2020-07-09 16:22:05 - [MESSAGE][PASSED] - Delayed 2 second(s)

2020-07-09 16:22:05 - [TEST_STEP][PASSED] - callTestCase(findTestCase("Services/SVC_Get Capture"), null, STOP_ON_FAILURE): Call Test Case 'Test Cases/Services/SVC_Get Capture' successfully

2020-07-09 16:22:05 - [TEST_CASE][PASSED] - Test Cases/Services/SVC_Get Capture: Test Cases/Services/SVC_Get Capture

2020-07-09 16:22:05 - [TEST_STEP][PASSED] - delay(TimeDelay): Delayed 1 second(s)

2020-07-09 16:22:06 - [MESSAGE][PASSED] - Delayed 1 second(s)

2020-07-09 16:22:06 - [TEST_STEP][PASSED] - GetPath = SetPathCapture: null

2020-07-09 16:22:06 - [TEST_STEP][PASSED] - GetPathData = GetPath + "\" + SetTestScriptID: null

2020-07-09 16:22:06 - [TEST_STEP][PASSED] - SetPath = Paths.get(GetPathData): null

2020-07-09 16:22:06 - [TEST_STEP][PASSED] - if (Files.notExists(SetPath)): null

2020-07-09 16:22:06 - [TEST_STEP][PASSED] - try: null

2020-07-09 16:22:06 - [TEST_STEP][PASSED] - Files.createDirectories(SetPath): null

2020-07-09 16:22:06 - [TEST_STEP][PASSED] - today = new java.util.Date(): null

2020-07-09 16:22:06 - [TEST_STEP][PASSED] - CapturePath = SetPath: null

2020-07-09 16:22:06 - [TEST_STEP][PASSED] - GetSubCapture = CapturePath: null

2020-07-09 16:22:06 - [TEST_STEP][PASSED] - CapturePath += "\": null

2020-07-09 16:22:06 - [TEST_STEP][PASSED] - if (VerifyCheck == true): Taking screenshot successfully

2020-07-09 16:22:06 - [TEST_STEP][PASSED] - takeScreenshot(CapturePath + today.format("ddMMyy") + today.format("hhmmss") + "_" + SetTestScriptID + ".png"): Taking screenshot successfully

2020-07-09 16:22:07 - [MESSAGE][PASSED] - Taking screenshot successfully
[[ATTACHMENT|D:\\Test IPB\\Result\\IDPhotoBooks\\Run_5\\Pembelian_Positif\\090720042206_Pembelian_Positif.png]]

2020-07-09 16:22:07 - [MESSAGE][PASSED] - Call Test Case 'Test Cases/Services/SVC_Get Capture' successfully

2020-07-09 16:22:07 - [TEST_STEP][PASSED] - setText(findTestObject("Object Repository/Login/Login Positif/Page_Login  IDPhotobook/input_Yuuk Login ke IDPhotobookcom_mat-input-0"), findTestData("Login/Login_Positif").getValue("WhatsApp", 1)): Text '085721576989' is set on object 'Object Repository/Login/Login Positif/Page_Login  IDPhotobook/input_Yuuk Login ke IDPhotobookcom_mat-input-0'

2020-07-09 16:22:07 - [MESSAGE][PASSED] - Text '085721576989' is set on object 'Object Repository/Login/Login Positif/Page_Login  IDPhotobook/input_Yuuk Login ke IDPhotobookcom_mat-input-0'

2020-07-09 16:22:07 - [TEST_STEP][PASSED] - setText(findTestObject("Object Repository/Login/Login Positif/Page_Login  IDPhotobook/input_Nomor Whatsapp  Email_mat-input-1"), findTestData("Login/Login_Positif").getValue("Password", 1)): Text 'indraw898' is set on object 'Object Repository/Login/Login Positif/Page_Login  IDPhotobook/input_Nomor Whatsapp  Email_mat-input-1'

2020-07-09 16:22:08 - [MESSAGE][PASSED] - Text 'indraw898' is set on object 'Object Repository/Login/Login Positif/Page_Login  IDPhotobook/input_Nomor Whatsapp  Email_mat-input-1'

2020-07-09 16:22:08 - [TEST_STEP][PASSED] - click(findTestObject("Object Repository/Login/Login Positif/Page_Login  IDPhotobook/button_Masuk Sekarang")): Object: 'Object Repository/Login/Login Positif/Page_Login  IDPhotobook/button_Masuk Sekarang' is clicked on

2020-07-09 16:22:08 - [MESSAGE][PASSED] - Object: 'Object Repository/Login/Login Positif/Page_Login  IDPhotobook/button_Masuk Sekarang' is clicked on

2020-07-09 16:22:08 - [TEST_STEP][PASSED] - callTestCase(findTestCase("Services/SVC_Get Capture"), null, STOP_ON_FAILURE): Call Test Case 'Test Cases/Services/SVC_Get Capture' successfully

2020-07-09 16:22:08 - [TEST_CASE][PASSED] - Test Cases/Services/SVC_Get Capture: Test Cases/Services/SVC_Get Capture

2020-07-09 16:22:08 - [TEST_STEP][PASSED] - delay(TimeDelay): Delayed 1 second(s)

2020-07-09 16:22:09 - [MESSAGE][PASSED] - Delayed 1 second(s)

2020-07-09 16:22:09 - [TEST_STEP][PASSED] - GetPath = SetPathCapture: null

2020-07-09 16:22:09 - [TEST_STEP][PASSED] - GetPathData = GetPath + "\" + SetTestScriptID: null

2020-07-09 16:22:09 - [TEST_STEP][PASSED] - SetPath = Paths.get(GetPathData): null

2020-07-09 16:22:09 - [TEST_STEP][PASSED] - if (Files.notExists(SetPath)): null

2020-07-09 16:22:09 - [TEST_STEP][PASSED] - today = new java.util.Date(): null

2020-07-09 16:22:09 - [TEST_STEP][PASSED] - CapturePath = SetPath: null

2020-07-09 16:22:09 - [TEST_STEP][PASSED] - GetSubCapture = CapturePath: null

2020-07-09 16:22:09 - [TEST_STEP][PASSED] - CapturePath += "\": null

2020-07-09 16:22:09 - [TEST_STEP][PASSED] - if (VerifyCheck == true): Taking screenshot successfully

2020-07-09 16:22:09 - [TEST_STEP][PASSED] - takeScreenshot(CapturePath + today.format("ddMMyy") + today.format("hhmmss") + "_" + SetTestScriptID + ".png"): Taking screenshot successfully

2020-07-09 16:22:11 - [MESSAGE][PASSED] - Taking screenshot successfully
[[ATTACHMENT|D:\\Test IPB\\Result\\IDPhotoBooks\\Run_5\\Pembelian_Positif\\090720042209_Pembelian_Positif.png]]

2020-07-09 16:22:11 - [MESSAGE][PASSED] - Call Test Case 'Test Cases/Services/SVC_Get Capture' successfully

2020-07-09 16:22:11 - [TEST_STEP][PASSED] - click(findTestObject("Object Repository/Pembelian/Beli_Positif/Page_Akun  IDPhotobook/div_Asset 1Katalog")): Object: 'Object Repository/Pembelian/Beli_Positif/Page_Akun  IDPhotobook/div_Asset 1Katalog' is clicked on

2020-07-09 16:22:11 - [MESSAGE][PASSED] - Object: 'Object Repository/Pembelian/Beli_Positif/Page_Akun  IDPhotobook/div_Asset 1Katalog' is clicked on

2020-07-09 16:22:11 - [TEST_STEP][PASSED] - delay(2): Delayed 2 second(s)

2020-07-09 16:22:13 - [MESSAGE][PASSED] - Delayed 2 second(s)

2020-07-09 16:22:13 - [TEST_STEP][PASSED] - click(findTestObject("Pembelian/Produk/Page_Katalog  IDPhotobook/NewBellaSerries(1)")): Object: 'Object Repository/Pembelian/Produk/Page_Katalog  IDPhotobook/NewBellaSerries(1)' is clicked on

2020-07-09 16:22:13 - [MESSAGE][PASSED] - Object: 'Object Repository/Pembelian/Produk/Page_Katalog  IDPhotobook/NewBellaSerries(1)' is clicked on

2020-07-09 16:22:13 - [TEST_STEP][PASSED] - delay(2): Delayed 2 second(s)

2020-07-09 16:22:15 - [MESSAGE][PASSED] - Delayed 2 second(s)

2020-07-09 16:22:15 - [TEST_STEP][PASSED] - click(findTestObject("Object Repository/Pembelian/Beli_Positif/Page_Masker Non Medic  IDPhotobook/div_Pesan Sekarang")): Object: 'Object Repository/Pembelian/Beli_Positif/Page_Masker Non Medic  IDPhotobook/div_Pesan Sekarang' is clicked on

2020-07-09 16:22:16 - [MESSAGE][PASSED] - Object: 'Object Repository/Pembelian/Beli_Positif/Page_Masker Non Medic  IDPhotobook/div_Pesan Sekarang' is clicked on

2020-07-09 16:22:16 - [TEST_STEP][PASSED] - delay(2): Delayed 2 second(s)

2020-07-09 16:22:18 - [MESSAGE][PASSED] - Delayed 2 second(s)

2020-07-09 16:22:18 - [TEST_STEP][PASSED] - click(findTestObject("Object Repository/Pembelian/Beli_Positif/Page_Masker Non Medic  IDPhotobook/button_Lanjutkan Belanja")): Object: 'Object Repository/Pembelian/Beli_Positif/Page_Masker Non Medic  IDPhotobook/button_Lanjutkan Belanja' is clicked on

2020-07-09 16:22:18 - [MESSAGE][PASSED] - Object: 'Object Repository/Pembelian/Beli_Positif/Page_Masker Non Medic  IDPhotobook/button_Lanjutkan Belanja' is clicked on

2020-07-09 16:22:18 - [TEST_STEP][PASSED] - callTestCase(findTestCase("Services/SVC_Get Capture"), null, STOP_ON_FAILURE): Call Test Case 'Test Cases/Services/SVC_Get Capture' successfully

2020-07-09 16:22:18 - [TEST_CASE][PASSED] - Test Cases/Services/SVC_Get Capture: Test Cases/Services/SVC_Get Capture

2020-07-09 16:22:18 - [TEST_STEP][PASSED] - delay(TimeDelay): Delayed 1 second(s)

2020-07-09 16:22:19 - [MESSAGE][PASSED] - Delayed 1 second(s)

2020-07-09 16:22:19 - [TEST_STEP][PASSED] - GetPath = SetPathCapture: null

2020-07-09 16:22:19 - [TEST_STEP][PASSED] - GetPathData = GetPath + "\" + SetTestScriptID: null

2020-07-09 16:22:19 - [TEST_STEP][PASSED] - SetPath = Paths.get(GetPathData): null

2020-07-09 16:22:19 - [TEST_STEP][PASSED] - if (Files.notExists(SetPath)): null

2020-07-09 16:22:19 - [TEST_STEP][PASSED] - today = new java.util.Date(): null

2020-07-09 16:22:19 - [TEST_STEP][PASSED] - CapturePath = SetPath: null

2020-07-09 16:22:19 - [TEST_STEP][PASSED] - GetSubCapture = CapturePath: null

2020-07-09 16:22:19 - [TEST_STEP][PASSED] - CapturePath += "\": null

2020-07-09 16:22:19 - [TEST_STEP][PASSED] - if (VerifyCheck == true): Taking screenshot successfully

2020-07-09 16:22:19 - [TEST_STEP][PASSED] - takeScreenshot(CapturePath + today.format("ddMMyy") + today.format("hhmmss") + "_" + SetTestScriptID + ".png"): Taking screenshot successfully

2020-07-09 16:22:19 - [MESSAGE][PASSED] - Taking screenshot successfully
[[ATTACHMENT|D:\\Test IPB\\Result\\IDPhotoBooks\\Run_5\\Pembelian_Positif\\090720042219_Pembelian_Positif.png]]

2020-07-09 16:22:19 - [MESSAGE][PASSED] - Call Test Case 'Test Cases/Services/SVC_Get Capture' successfully

2020-07-09 16:22:19 - [TEST_STEP][PASSED] - click(findTestObject("Object Repository/Pembelian/Beli_Positif/Page_Masker Non Medic  IDPhotobook/div_Asset 1Katalog")): Object: 'Object Repository/Pembelian/Beli_Positif/Page_Masker Non Medic  IDPhotobook/div_Asset 1Katalog' is clicked on

2020-07-09 16:22:20 - [MESSAGE][PASSED] - Object: 'Object Repository/Pembelian/Beli_Positif/Page_Masker Non Medic  IDPhotobook/div_Asset 1Katalog' is clicked on

2020-07-09 16:22:20 - [TEST_STEP][PASSED] - delay(2): Delayed 2 second(s)

2020-07-09 16:22:22 - [MESSAGE][PASSED] - Delayed 2 second(s)

2020-07-09 16:22:22 - [TEST_STEP][PASSED] - click(findTestObject("Object Repository/Pembelian/Beli_Positif/Page_Katalog  IDPhotobook/button_Paling Laris")): Object: 'Object Repository/Pembelian/Beli_Positif/Page_Katalog  IDPhotobook/button_Paling Laris' is clicked on

2020-07-09 16:22:22 - [MESSAGE][PASSED] - Object: 'Object Repository/Pembelian/Beli_Positif/Page_Katalog  IDPhotobook/button_Paling Laris' is clicked on

2020-07-09 16:22:22 - [TEST_STEP][PASSED] - delay(2): Delayed 2 second(s)

2020-07-09 16:22:24 - [MESSAGE][PASSED] - Delayed 2 second(s)

2020-07-09 16:22:24 - [TEST_STEP][PASSED] - click(findTestObject("Pembelian/Produk/Page_Katalog  IDPhotobook/ElenaSeries(2)")): Object: 'Object Repository/Pembelian/Produk/Page_Katalog  IDPhotobook/ElenaSeries(2)' is clicked on

2020-07-09 16:22:24 - [MESSAGE][PASSED] - Object: 'Object Repository/Pembelian/Produk/Page_Katalog  IDPhotobook/ElenaSeries(2)' is clicked on

2020-07-09 16:22:24 - [TEST_STEP][PASSED] - delay(2): Delayed 2 second(s)

2020-07-09 16:22:26 - [MESSAGE][PASSED] - Delayed 2 second(s)

2020-07-09 16:22:26 - [TEST_STEP][PASSED] - click(findTestObject("Object Repository/Pembelian/Beli_Positif/Page_Elena Series  IDPhotobook/div_Pesan Sekarang")): Object: 'Object Repository/Pembelian/Beli_Positif/Page_Elena Series  IDPhotobook/div_Pesan Sekarang' is clicked on

2020-07-09 16:22:27 - [MESSAGE][PASSED] - Object: 'Object Repository/Pembelian/Beli_Positif/Page_Elena Series  IDPhotobook/div_Pesan Sekarang' is clicked on

2020-07-09 16:22:27 - [TEST_STEP][PASSED] - delay(2): Delayed 2 second(s)

2020-07-09 16:22:29 - [MESSAGE][PASSED] - Delayed 2 second(s)

2020-07-09 16:22:29 - [TEST_STEP][PASSED] - click(findTestObject("Object Repository/Pembelian/Beli_Positif/Page_Elena Series  IDPhotobook/button_Lanjutkan Belanja")): Object: 'Object Repository/Pembelian/Beli_Positif/Page_Elena Series  IDPhotobook/button_Lanjutkan Belanja' is clicked on

2020-07-09 16:22:29 - [MESSAGE][PASSED] - Object: 'Object Repository/Pembelian/Beli_Positif/Page_Elena Series  IDPhotobook/button_Lanjutkan Belanja' is clicked on

2020-07-09 16:22:29 - [TEST_STEP][PASSED] - callTestCase(findTestCase("Services/SVC_Get Capture"), null, STOP_ON_FAILURE): Call Test Case 'Test Cases/Services/SVC_Get Capture' successfully

2020-07-09 16:22:29 - [TEST_CASE][PASSED] - Test Cases/Services/SVC_Get Capture: Test Cases/Services/SVC_Get Capture

2020-07-09 16:22:29 - [TEST_STEP][PASSED] - delay(TimeDelay): Delayed 1 second(s)

2020-07-09 16:22:30 - [MESSAGE][PASSED] - Delayed 1 second(s)

2020-07-09 16:22:30 - [TEST_STEP][PASSED] - GetPath = SetPathCapture: null

2020-07-09 16:22:30 - [TEST_STEP][PASSED] - GetPathData = GetPath + "\" + SetTestScriptID: null

2020-07-09 16:22:30 - [TEST_STEP][PASSED] - SetPath = Paths.get(GetPathData): null

2020-07-09 16:22:30 - [TEST_STEP][PASSED] - if (Files.notExists(SetPath)): null

2020-07-09 16:22:30 - [TEST_STEP][PASSED] - today = new java.util.Date(): null

2020-07-09 16:22:30 - [TEST_STEP][PASSED] - CapturePath = SetPath: null

2020-07-09 16:22:30 - [TEST_STEP][PASSED] - GetSubCapture = CapturePath: null

2020-07-09 16:22:30 - [TEST_STEP][PASSED] - CapturePath += "\": null

2020-07-09 16:22:30 - [TEST_STEP][PASSED] - if (VerifyCheck == true): Taking screenshot successfully

2020-07-09 16:22:30 - [TEST_STEP][PASSED] - takeScreenshot(CapturePath + today.format("ddMMyy") + today.format("hhmmss") + "_" + SetTestScriptID + ".png"): Taking screenshot successfully

2020-07-09 16:22:31 - [MESSAGE][PASSED] - Taking screenshot successfully
[[ATTACHMENT|D:\\Test IPB\\Result\\IDPhotoBooks\\Run_5\\Pembelian_Positif\\090720042230_Pembelian_Positif.png]]

2020-07-09 16:22:31 - [MESSAGE][PASSED] - Call Test Case 'Test Cases/Services/SVC_Get Capture' successfully

2020-07-09 16:22:31 - [TEST_STEP][PASSED] - click(findTestObject("Object Repository/Pembelian/Beli_Positif/Page_Elena Series  IDPhotobook/div_Asset 1Katalog")): Object: 'Object Repository/Pembelian/Beli_Positif/Page_Elena Series  IDPhotobook/div_Asset 1Katalog' is clicked on

2020-07-09 16:22:31 - [MESSAGE][PASSED] - Object: 'Object Repository/Pembelian/Beli_Positif/Page_Elena Series  IDPhotobook/div_Asset 1Katalog' is clicked on

2020-07-09 16:22:31 - [TEST_STEP][PASSED] - delay(2): Delayed 2 second(s)

2020-07-09 16:22:33 - [MESSAGE][PASSED] - Delayed 2 second(s)

2020-07-09 16:22:33 - [TEST_STEP][PASSED] - click(findTestObject("Object Repository/Pembelian/Beli_Positif/Page_Katalog  IDPhotobook/button_Dibawah 150000")): Object: 'Object Repository/Pembelian/Beli_Positif/Page_Katalog  IDPhotobook/button_Dibawah 150000' is clicked on

2020-07-09 16:22:33 - [MESSAGE][PASSED] - Object: 'Object Repository/Pembelian/Beli_Positif/Page_Katalog  IDPhotobook/button_Dibawah 150000' is clicked on

2020-07-09 16:22:33 - [TEST_STEP][PASSED] - delay(2): Delayed 2 second(s)

2020-07-09 16:22:35 - [MESSAGE][PASSED] - Delayed 2 second(s)

2020-07-09 16:22:35 - [TEST_STEP][PASSED] - click(findTestObject("Pembelian/Produk/Page_Katalog  IDPhotobook/Kalender Jumbo 20R (3)")): Object: 'Object Repository/Pembelian/Produk/Page_Katalog  IDPhotobook/Kalender Jumbo 20R (3)' is clicked on

2020-07-09 16:22:36 - [MESSAGE][PASSED] - Object: 'Object Repository/Pembelian/Produk/Page_Katalog  IDPhotobook/Kalender Jumbo 20R (3)' is clicked on

2020-07-09 16:22:36 - [TEST_STEP][PASSED] - delay(2): Delayed 2 second(s)

2020-07-09 16:22:38 - [MESSAGE][PASSED] - Delayed 2 second(s)

2020-07-09 16:22:38 - [TEST_STEP][PASSED] - click(findTestObject("Object Repository/Pembelian/Beli_Positif/Page_jamu anti corona  IDPhotobook/div_Pesan Sekarang")): Object: 'Object Repository/Pembelian/Beli_Positif/Page_jamu anti corona  IDPhotobook/div_Pesan Sekarang' is clicked on

2020-07-09 16:22:38 - [MESSAGE][PASSED] - Object: 'Object Repository/Pembelian/Beli_Positif/Page_jamu anti corona  IDPhotobook/div_Pesan Sekarang' is clicked on

2020-07-09 16:22:38 - [TEST_STEP][PASSED] - delay(2): Delayed 2 second(s)

2020-07-09 16:22:40 - [MESSAGE][PASSED] - Delayed 2 second(s)

2020-07-09 16:22:40 - [TEST_STEP][PASSED] - click(findTestObject("Object Repository/Pembelian/Beli_Positif/Page_jamu anti corona  IDPhotobook/button_Lanjutkan Belanja")): Object: 'Object Repository/Pembelian/Beli_Positif/Page_jamu anti corona  IDPhotobook/button_Lanjutkan Belanja' is clicked on

2020-07-09 16:22:40 - [MESSAGE][PASSED] - Object: 'Object Repository/Pembelian/Beli_Positif/Page_jamu anti corona  IDPhotobook/button_Lanjutkan Belanja' is clicked on

2020-07-09 16:22:40 - [TEST_STEP][PASSED] - callTestCase(findTestCase("Services/SVC_Get Capture"), null, STOP_ON_FAILURE): Call Test Case 'Test Cases/Services/SVC_Get Capture' successfully

2020-07-09 16:22:40 - [TEST_CASE][PASSED] - Test Cases/Services/SVC_Get Capture: Test Cases/Services/SVC_Get Capture

2020-07-09 16:22:40 - [TEST_STEP][PASSED] - delay(TimeDelay): Delayed 1 second(s)

2020-07-09 16:22:41 - [MESSAGE][PASSED] - Delayed 1 second(s)

2020-07-09 16:22:41 - [TEST_STEP][PASSED] - GetPath = SetPathCapture: null

2020-07-09 16:22:41 - [TEST_STEP][PASSED] - GetPathData = GetPath + "\" + SetTestScriptID: null

2020-07-09 16:22:41 - [TEST_STEP][PASSED] - SetPath = Paths.get(GetPathData): null

2020-07-09 16:22:41 - [TEST_STEP][PASSED] - if (Files.notExists(SetPath)): null

2020-07-09 16:22:41 - [TEST_STEP][PASSED] - today = new java.util.Date(): null

2020-07-09 16:22:41 - [TEST_STEP][PASSED] - CapturePath = SetPath: null

2020-07-09 16:22:41 - [TEST_STEP][PASSED] - GetSubCapture = CapturePath: null

2020-07-09 16:22:41 - [TEST_STEP][PASSED] - CapturePath += "\": null

2020-07-09 16:22:41 - [TEST_STEP][PASSED] - if (VerifyCheck == true): Taking screenshot successfully

2020-07-09 16:22:41 - [TEST_STEP][PASSED] - takeScreenshot(CapturePath + today.format("ddMMyy") + today.format("hhmmss") + "_" + SetTestScriptID + ".png"): Taking screenshot successfully

2020-07-09 16:22:42 - [MESSAGE][PASSED] - Taking screenshot successfully
[[ATTACHMENT|D:\\Test IPB\\Result\\IDPhotoBooks\\Run_5\\Pembelian_Positif\\090720042241_Pembelian_Positif.png]]

2020-07-09 16:22:42 - [MESSAGE][PASSED] - Call Test Case 'Test Cases/Services/SVC_Get Capture' successfully

2020-07-09 16:22:42 - [TEST_STEP][PASSED] - click(findTestObject("Object Repository/Pembelian/Beli_Positif/Page_jamu anti corona  IDPhotobook/div_Asset 1Katalog")): Object: 'Object Repository/Pembelian/Beli_Positif/Page_jamu anti corona  IDPhotobook/div_Asset 1Katalog' is clicked on

2020-07-09 16:22:42 - [MESSAGE][PASSED] - Object: 'Object Repository/Pembelian/Beli_Positif/Page_jamu anti corona  IDPhotobook/div_Asset 1Katalog' is clicked on

2020-07-09 16:22:42 - [TEST_STEP][PASSED] - delay(2): Delayed 2 second(s)

2020-07-09 16:22:44 - [MESSAGE][PASSED] - Delayed 2 second(s)

2020-07-09 16:22:44 - [TEST_STEP][PASSED] - click(findTestObject("Object Repository/Pembelian/Beli_Positif/Page_Katalog  IDPhotobook/button_Beneran Diskon")): Object: 'Object Repository/Pembelian/Beli_Positif/Page_Katalog  IDPhotobook/button_Beneran Diskon' is clicked on

2020-07-09 16:22:44 - [MESSAGE][PASSED] - Object: 'Object Repository/Pembelian/Beli_Positif/Page_Katalog  IDPhotobook/button_Beneran Diskon' is clicked on

2020-07-09 16:22:44 - [TEST_STEP][PASSED] - delay(2): Delayed 2 second(s)

2020-07-09 16:22:46 - [MESSAGE][PASSED] - Delayed 2 second(s)

2020-07-09 16:22:46 - [TEST_STEP][PASSED] - click(findTestObject("Pembelian/Produk/Page_Katalog  IDPhotobook/Bronze Series (4)")): Object: 'Object Repository/Pembelian/Produk/Page_Katalog  IDPhotobook/Bronze Series (4)' is clicked on

2020-07-09 16:22:47 - [MESSAGE][PASSED] - Object: 'Object Repository/Pembelian/Produk/Page_Katalog  IDPhotobook/Bronze Series (4)' is clicked on

2020-07-09 16:22:47 - [TEST_STEP][PASSED] - delay(2): Delayed 2 second(s)

2020-07-09 16:22:49 - [MESSAGE][PASSED] - Delayed 2 second(s)

2020-07-09 16:22:49 - [TEST_STEP][PASSED] - click(findTestObject("Object Repository/Pembelian/Beli_Positif/Page_Katalog  IDPhotobook/div_Pesan Sekarang")): Object: 'Object Repository/Pembelian/Beli_Positif/Page_Katalog  IDPhotobook/div_Pesan Sekarang' is clicked on

2020-07-09 16:22:49 - [MESSAGE][PASSED] - Object: 'Object Repository/Pembelian/Beli_Positif/Page_Katalog  IDPhotobook/div_Pesan Sekarang' is clicked on

2020-07-09 16:22:49 - [TEST_STEP][PASSED] - delay(2): Delayed 2 second(s)

2020-07-09 16:22:51 - [MESSAGE][PASSED] - Delayed 2 second(s)

2020-07-09 16:22:51 - [TEST_STEP][PASSED] - click(findTestObject("Object Repository/Pembelian/Beli_Positif/Page_Katalog  IDPhotobook/button_Bayar Sekarang")): Object: 'Object Repository/Pembelian/Beli_Positif/Page_Katalog  IDPhotobook/button_Bayar Sekarang' is clicked on

2020-07-09 16:22:51 - [MESSAGE][PASSED] - Object: 'Object Repository/Pembelian/Beli_Positif/Page_Katalog  IDPhotobook/button_Bayar Sekarang' is clicked on

2020-07-09 16:22:51 - [TEST_STEP][PASSED] - callTestCase(findTestCase("Services/SVC_Get Capture"), null, STOP_ON_FAILURE): Call Test Case 'Test Cases/Services/SVC_Get Capture' successfully

2020-07-09 16:22:51 - [TEST_CASE][PASSED] - Test Cases/Services/SVC_Get Capture: Test Cases/Services/SVC_Get Capture

2020-07-09 16:22:51 - [TEST_STEP][PASSED] - delay(TimeDelay): Delayed 1 second(s)

2020-07-09 16:22:52 - [MESSAGE][PASSED] - Delayed 1 second(s)

2020-07-09 16:22:52 - [TEST_STEP][PASSED] - GetPath = SetPathCapture: null

2020-07-09 16:22:52 - [TEST_STEP][PASSED] - GetPathData = GetPath + "\" + SetTestScriptID: null

2020-07-09 16:22:52 - [TEST_STEP][PASSED] - SetPath = Paths.get(GetPathData): null

2020-07-09 16:22:52 - [TEST_STEP][PASSED] - if (Files.notExists(SetPath)): null

2020-07-09 16:22:52 - [TEST_STEP][PASSED] - today = new java.util.Date(): null

2020-07-09 16:22:52 - [TEST_STEP][PASSED] - CapturePath = SetPath: null

2020-07-09 16:22:52 - [TEST_STEP][PASSED] - GetSubCapture = CapturePath: null

2020-07-09 16:22:52 - [TEST_STEP][PASSED] - CapturePath += "\": null

2020-07-09 16:22:52 - [TEST_STEP][PASSED] - if (VerifyCheck == true): Taking screenshot successfully

2020-07-09 16:22:52 - [TEST_STEP][PASSED] - takeScreenshot(CapturePath + today.format("ddMMyy") + today.format("hhmmss") + "_" + SetTestScriptID + ".png"): Taking screenshot successfully

2020-07-09 16:22:55 - [MESSAGE][PASSED] - Taking screenshot successfully
[[ATTACHMENT|D:\\Test IPB\\Result\\IDPhotoBooks\\Run_5\\Pembelian_Positif\\090720042252_Pembelian_Positif.png]]

2020-07-09 16:22:55 - [MESSAGE][PASSED] - Call Test Case 'Test Cases/Services/SVC_Get Capture' successfully

2020-07-09 16:22:55 - [TEST_STEP][PASSED] - refresh(): Refresh successfully

2020-07-09 16:22:56 - [MESSAGE][PASSED] - Refresh successfully

2020-07-09 16:22:56 - [TEST_STEP][PASSED] - click(findTestObject("Object Repository/Pembelian/Beli_Positif/Page_Checkout  IDPhotobook/button_Pilih Pembayaran")): Object: 'Object Repository/Pembelian/Beli_Positif/Page_Checkout  IDPhotobook/button_Pilih Pembayaran' is clicked on

2020-07-09 16:22:57 - [MESSAGE][PASSED] - Object: 'Object Repository/Pembelian/Beli_Positif/Page_Checkout  IDPhotobook/button_Pilih Pembayaran' is clicked on

2020-07-09 16:22:57 - [TEST_STEP][PASSED] - callTestCase(findTestCase("Services/SVC_Get Capture"), null, STOP_ON_FAILURE): Call Test Case 'Test Cases/Services/SVC_Get Capture' successfully

2020-07-09 16:22:57 - [TEST_CASE][PASSED] - Test Cases/Services/SVC_Get Capture: Test Cases/Services/SVC_Get Capture

2020-07-09 16:22:57 - [TEST_STEP][PASSED] - delay(TimeDelay): Delayed 1 second(s)

2020-07-09 16:22:58 - [MESSAGE][PASSED] - Delayed 1 second(s)

2020-07-09 16:22:58 - [TEST_STEP][PASSED] - GetPath = SetPathCapture: null

2020-07-09 16:22:58 - [TEST_STEP][PASSED] - GetPathData = GetPath + "\" + SetTestScriptID: null

2020-07-09 16:22:58 - [TEST_STEP][PASSED] - SetPath = Paths.get(GetPathData): null

2020-07-09 16:22:58 - [TEST_STEP][PASSED] - if (Files.notExists(SetPath)): null

2020-07-09 16:22:58 - [TEST_STEP][PASSED] - today = new java.util.Date(): null

2020-07-09 16:22:58 - [TEST_STEP][PASSED] - CapturePath = SetPath: null

2020-07-09 16:22:58 - [TEST_STEP][PASSED] - GetSubCapture = CapturePath: null

2020-07-09 16:22:58 - [TEST_STEP][PASSED] - CapturePath += "\": null

2020-07-09 16:22:58 - [TEST_STEP][PASSED] - if (VerifyCheck == true): Taking screenshot successfully

2020-07-09 16:22:58 - [TEST_STEP][PASSED] - takeScreenshot(CapturePath + today.format("ddMMyy") + today.format("hhmmss") + "_" + SetTestScriptID + ".png"): Taking screenshot successfully

2020-07-09 16:22:59 - [MESSAGE][PASSED] - Taking screenshot successfully
[[ATTACHMENT|D:\\Test IPB\\Result\\IDPhotoBooks\\Run_5\\Pembelian_Positif\\090720042258_Pembelian_Positif.png]]

2020-07-09 16:22:59 - [MESSAGE][PASSED] - Call Test Case 'Test Cases/Services/SVC_Get Capture' successfully

2020-07-09 16:22:59 - [TEST_STEP][PASSED] - click(findTestObject("Pembelian/Beli_Positif/Page_Checkout  IDPhotobook/li_Bank BCA chevron_right")): Object: 'Object Repository/Pembelian/Beli_Positif/Page_Checkout  IDPhotobook/li_Bank BCA chevron_right' is clicked on

2020-07-09 16:22:59 - [MESSAGE][PASSED] - Object: 'Object Repository/Pembelian/Beli_Positif/Page_Checkout  IDPhotobook/li_Bank BCA chevron_right' is clicked on

2020-07-09 16:22:59 - [TEST_STEP][PASSED] - callTestCase(findTestCase("Services/SVC_Get Capture"), null, STOP_ON_FAILURE): Call Test Case 'Test Cases/Services/SVC_Get Capture' successfully

2020-07-09 16:22:59 - [TEST_CASE][PASSED] - Test Cases/Services/SVC_Get Capture: Test Cases/Services/SVC_Get Capture

2020-07-09 16:22:59 - [TEST_STEP][PASSED] - delay(TimeDelay): Delayed 1 second(s)

2020-07-09 16:23:00 - [MESSAGE][PASSED] - Delayed 1 second(s)

2020-07-09 16:23:00 - [TEST_STEP][PASSED] - GetPath = SetPathCapture: null

2020-07-09 16:23:00 - [TEST_STEP][PASSED] - GetPathData = GetPath + "\" + SetTestScriptID: null

2020-07-09 16:23:00 - [TEST_STEP][PASSED] - SetPath = Paths.get(GetPathData): null

2020-07-09 16:23:00 - [TEST_STEP][PASSED] - if (Files.notExists(SetPath)): null

2020-07-09 16:23:00 - [TEST_STEP][PASSED] - today = new java.util.Date(): null

2020-07-09 16:23:00 - [TEST_STEP][PASSED] - CapturePath = SetPath: null

2020-07-09 16:23:00 - [TEST_STEP][PASSED] - GetSubCapture = CapturePath: null

2020-07-09 16:23:00 - [TEST_STEP][PASSED] - CapturePath += "\": null

2020-07-09 16:23:00 - [TEST_STEP][PASSED] - if (VerifyCheck == true): Taking screenshot successfully

2020-07-09 16:23:00 - [TEST_STEP][PASSED] - takeScreenshot(CapturePath + today.format("ddMMyy") + today.format("hhmmss") + "_" + SetTestScriptID + ".png"): Taking screenshot successfully

2020-07-09 16:23:01 - [MESSAGE][PASSED] - Taking screenshot successfully
[[ATTACHMENT|D:\\Test IPB\\Result\\IDPhotoBooks\\Run_5\\Pembelian_Positif\\090720042300_Pembelian_Positif.png]]

2020-07-09 16:23:01 - [MESSAGE][PASSED] - Call Test Case 'Test Cases/Services/SVC_Get Capture' successfully

2020-07-09 16:23:01 - [TEST_STEP][PASSED] - click(findTestObject("Object Repository/Pembelian/Beli_Positif/Page_Checkout  IDPhotobook/span_Rp 418000_mat-expansion-indicator ng-t_51e1b7")): Object: 'Object Repository/Pembelian/Beli_Positif/Page_Checkout  IDPhotobook/span_Rp 418000_mat-expansion-indicator ng-t_51e1b7' is clicked on

2020-07-09 16:23:01 - [MESSAGE][PASSED] - Object: 'Object Repository/Pembelian/Beli_Positif/Page_Checkout  IDPhotobook/span_Rp 418000_mat-expansion-indicator ng-t_51e1b7' is clicked on

2020-07-09 16:23:01 - [TEST_STEP][PASSED] - delay(2): Delayed 2 second(s)

2020-07-09 16:23:03 - [MESSAGE][PASSED] - Delayed 2 second(s)

2020-07-09 16:23:03 - [TEST_STEP][PASSED] - click(findTestObject("Object Repository/Pembelian/Beli_Positif/Page_Checkout  IDPhotobook/button_Bayar")): Object: 'Object Repository/Pembelian/Beli_Positif/Page_Checkout  IDPhotobook/button_Bayar' is clicked on

2020-07-09 16:23:03 - [MESSAGE][PASSED] - Object: 'Object Repository/Pembelian/Beli_Positif/Page_Checkout  IDPhotobook/button_Bayar' is clicked on

2020-07-09 16:23:03 - [TEST_STEP][PASSED] - callTestCase(findTestCase("Services/SVC_Get Capture"), null, STOP_ON_FAILURE): Call Test Case 'Test Cases/Services/SVC_Get Capture' successfully

2020-07-09 16:23:03 - [TEST_CASE][PASSED] - Test Cases/Services/SVC_Get Capture: Test Cases/Services/SVC_Get Capture

2020-07-09 16:23:03 - [TEST_STEP][PASSED] - delay(TimeDelay): Delayed 1 second(s)

2020-07-09 16:23:04 - [MESSAGE][PASSED] - Delayed 1 second(s)

2020-07-09 16:23:04 - [TEST_STEP][PASSED] - GetPath = SetPathCapture: null

2020-07-09 16:23:04 - [TEST_STEP][PASSED] - GetPathData = GetPath + "\" + SetTestScriptID: null

2020-07-09 16:23:04 - [TEST_STEP][PASSED] - SetPath = Paths.get(GetPathData): null

2020-07-09 16:23:04 - [TEST_STEP][PASSED] - if (Files.notExists(SetPath)): null

2020-07-09 16:23:04 - [TEST_STEP][PASSED] - today = new java.util.Date(): null

2020-07-09 16:23:04 - [TEST_STEP][PASSED] - CapturePath = SetPath: null

2020-07-09 16:23:04 - [TEST_STEP][PASSED] - GetSubCapture = CapturePath: null

2020-07-09 16:23:04 - [TEST_STEP][PASSED] - CapturePath += "\": null

2020-07-09 16:23:04 - [TEST_STEP][PASSED] - if (VerifyCheck == true): Taking screenshot successfully

2020-07-09 16:23:04 - [TEST_STEP][PASSED] - takeScreenshot(CapturePath + today.format("ddMMyy") + today.format("hhmmss") + "_" + SetTestScriptID + ".png"): Taking screenshot successfully

2020-07-09 16:23:06 - [MESSAGE][PASSED] - Taking screenshot successfully
[[ATTACHMENT|D:\\Test IPB\\Result\\IDPhotoBooks\\Run_5\\Pembelian_Positif\\090720042304_Pembelian_Positif.png]]

2020-07-09 16:23:06 - [MESSAGE][PASSED] - Call Test Case 'Test Cases/Services/SVC_Get Capture' successfully

2020-07-09 16:23:06 - [TEST_STEP][PASSED] - refresh(): Refresh successfully

2020-07-09 16:23:07 - [MESSAGE][PASSED] - Refresh successfully

2020-07-09 16:23:07 - [TEST_STEP][PASSED] - click(findTestObject("Object Repository/Pembelian/Beli_Positif/Page_Pembayaran  IDPhotobook/button_Konfirmasi Pembayaran")): Object: 'Object Repository/Pembelian/Beli_Positif/Page_Pembayaran  IDPhotobook/button_Konfirmasi Pembayaran' is clicked on

2020-07-09 16:23:08 - [MESSAGE][PASSED] - Object: 'Object Repository/Pembelian/Beli_Positif/Page_Pembayaran  IDPhotobook/button_Konfirmasi Pembayaran' is clicked on

2020-07-09 16:23:08 - [TEST_STEP][PASSED] - click(findTestObject("Object Repository/Pembelian/Beli_Positif/Page_Pembayaran  IDPhotobook/button_Pilih File")): Object: 'Object Repository/Pembelian/Beli_Positif/Page_Pembayaran  IDPhotobook/button_Pilih File' is clicked on

2020-07-09 16:23:09 - [MESSAGE][PASSED] - Object: 'Object Repository/Pembelian/Beli_Positif/Page_Pembayaran  IDPhotobook/button_Pilih File' is clicked on

2020-07-09 16:23:09 - [TEST_STEP][PASSED] - delay(2): Delayed 2 second(s)

2020-07-09 16:23:11 - [MESSAGE][PASSED] - Delayed 2 second(s)

2020-07-09 16:23:11 - [TEST_STEP][PASSED] - dd(): null

2020-07-09 16:23:11 - [TEST_STEP][PASSED] - runTime = Runtime.getRuntime(): null

2020-07-09 16:23:11 - [TEST_STEP][PASSED] - process = runTime.exec(UploadResi): null

2020-07-09 16:23:11 - [TEST_STEP][PASSED] - callTestCase(findTestCase("Services/SVC_Get Capture"), null, STOP_ON_FAILURE): Call Test Case 'Test Cases/Services/SVC_Get Capture' successfully

2020-07-09 16:23:11 - [TEST_CASE][PASSED] - Test Cases/Services/SVC_Get Capture: Test Cases/Services/SVC_Get Capture

2020-07-09 16:23:11 - [TEST_STEP][PASSED] - delay(TimeDelay): Delayed 1 second(s)

2020-07-09 16:23:12 - [MESSAGE][PASSED] - Delayed 1 second(s)

2020-07-09 16:23:12 - [TEST_STEP][PASSED] - GetPath = SetPathCapture: null

2020-07-09 16:23:12 - [TEST_STEP][PASSED] - GetPathData = GetPath + "\" + SetTestScriptID: null

2020-07-09 16:23:12 - [TEST_STEP][PASSED] - SetPath = Paths.get(GetPathData): null

2020-07-09 16:23:12 - [TEST_STEP][PASSED] - if (Files.notExists(SetPath)): null

2020-07-09 16:23:12 - [TEST_STEP][PASSED] - today = new java.util.Date(): null

2020-07-09 16:23:12 - [TEST_STEP][PASSED] - CapturePath = SetPath: null

2020-07-09 16:23:12 - [TEST_STEP][PASSED] - GetSubCapture = CapturePath: null

2020-07-09 16:23:12 - [TEST_STEP][PASSED] - CapturePath += "\": null

2020-07-09 16:23:12 - [TEST_STEP][PASSED] - if (VerifyCheck == true): Taking screenshot successfully

2020-07-09 16:23:12 - [TEST_STEP][PASSED] - takeScreenshot(CapturePath + today.format("ddMMyy") + today.format("hhmmss") + "_" + SetTestScriptID + ".png"): Taking screenshot successfully

2020-07-09 16:23:13 - [MESSAGE][PASSED] - Taking screenshot successfully
[[ATTACHMENT|D:\\Test IPB\\Result\\IDPhotoBooks\\Run_5\\Pembelian_Positif\\090720042312_Pembelian_Positif.png]]

2020-07-09 16:23:13 - [MESSAGE][PASSED] - Call Test Case 'Test Cases/Services/SVC_Get Capture' successfully

2020-07-09 16:23:13 - [TEST_STEP][FAILED] - click(findTestObject("Object Repository/Pembelian/Beli_Positif/Page_Pembayaran  IDPhotobook/button_Cek Status")): Unable to click on object 'Object Repository/Pembelian/Beli_Positif/Page_Pembayaran  IDPhotobook/button_Cek Status' (Root cause: com.kms.katalon.core.exception.StepFailedException: Unable to click on object 'Object Repository/Pembelian/Beli_Positif/Page_Pembayaran  IDPhotobook/button_Cek Status'
	at com.kms.katalon.core.webui.keyword.internal.WebUIKeywordMain.stepFailed(WebUIKeywordMain.groovy:64)
	at com.kms.katalon.core.webui.keyword.internal.WebUIKeywordMain.runKeyword(WebUIKeywordMain.groovy:26)
	at com.kms.katalon.core.webui.keyword.builtin.ClickKeyword.click(ClickKeyword.groovy:76)
	at com.kms.katalon.core.webui.keyword.builtin.ClickKeyword.execute(ClickKeyword.groovy:43)
	at com.kms.katalon.core.keyword.internal.KeywordExecutor.executeKeywordForPlatform(KeywordExecutor.groovy:72)
	at com.kms.katalon.core.webui.keyword.WebUiBuiltInKeywords.click(WebUiBuiltInKeywords.groovy:616)
	at com.kms.katalon.core.webui.keyword.WebUiBuiltInKeywords$click$1.call(Unknown Source)
	at Pembelian_Positif.run(Pembelian_Positif:162)
	at com.kms.katalon.core.main.ScriptEngine.run(ScriptEngine.java:194)
	at com.kms.katalon.core.main.ScriptEngine.runScriptAsRawText(ScriptEngine.java:119)
	at com.kms.katalon.core.main.TestCaseExecutor.runScript(TestCaseExecutor.java:337)
	at com.kms.katalon.core.main.TestCaseExecutor.doExecute(TestCaseExecutor.java:328)
	at com.kms.katalon.core.main.TestCaseExecutor.processExecutionPhase(TestCaseExecutor.java:307)
	at com.kms.katalon.core.main.TestCaseExecutor.accessMainPhase(TestCaseExecutor.java:299)
	at com.kms.katalon.core.main.TestCaseExecutor.execute(TestCaseExecutor.java:233)
	at com.kms.katalon.core.main.TestSuiteExecutor.accessTestCaseMainPhase(TestSuiteExecutor.java:169)
	at com.kms.katalon.core.main.TestSuiteExecutor.accessTestSuiteMainPhase(TestSuiteExecutor.java:142)
	at com.kms.katalon.core.main.TestSuiteExecutor.execute(TestSuiteExecutor.java:91)
	at com.kms.katalon.core.main.TestCaseMain.startTestSuite(TestCaseMain.java:157)
	at com.kms.katalon.core.main.TestCaseMain$startTestSuite$0.call(Unknown Source)
	at TempTestSuite1594286510876.run(TempTestSuite1594286510876.groovy:37)
Caused by: com.kms.katalon.core.webui.exception.WebElementNotFoundException: Web element with id: 'Object Repository/Pembelian/Beli_Positif/Page_Pembayaran  IDPhotobook/button_Cek Status' located by 'By.xpath: (.//*[normalize-space(text()) and normalize-space(.)='Ubah File'])[1]/following::button[1]' not found
	at com.kms.katalon.core.webui.common.WebUiCommonHelper.findWebElement(WebUiCommonHelper.java:1154)
	at com.kms.katalon.core.webui.keyword.internal.WebUIAbstractKeyword.findWebElement(WebUIAbstractKeyword.groovy:27)
	at com.kms.katalon.core.webui.keyword.internal.WebUIAbstractKeyword.findWebElement(WebUIAbstractKeyword.groovy:26)
	at com.kms.katalon.core.webui.keyword.builtin.ClickKeyword$_click_closure1.doCall(ClickKeyword.groovy:67)
	at com.kms.katalon.core.webui.keyword.builtin.ClickKeyword$_click_closure1.call(ClickKeyword.groovy)
	at com.kms.katalon.core.webui.keyword.internal.WebUIKeywordMain.runKeyword(WebUIKeywordMain.groovy:20)
	at com.kms.katalon.core.webui.keyword.builtin.ClickKeyword.click(ClickKeyword.groovy:76)
	at com.kms.katalon.core.webui.keyword.builtin.ClickKeyword.execute(ClickKeyword.groovy:43)
	at com.kms.katalon.core.keyword.internal.KeywordExecutor.executeKeywordForPlatform(KeywordExecutor.groovy:72)
	at com.kms.katalon.core.webui.keyword.WebUiBuiltInKeywords.click(WebUiBuiltInKeywords.groovy:616)
	at com.kms.katalon.core.webui.keyword.WebUiBuiltInKeywords$click$1.call(Unknown Source)
	at Script1593950167284.run(Script1593950167284.groovy:162)
	... 13 more
)

2020-07-09 16:23:57 - [MESSAGE][INFO] - Unable to find the element located by 'By.xpath: (.//*[normalize-space(text()) and normalize-space(.)='Ubah File'])[1]/following::button[1]'. Please recheck the objects properties to make sure the desired element is located. 

2020-07-09 16:23:57 - [MESSAGE][FAILED] - Unable to click on object 'Object Repository/Pembelian/Beli_Positif/Page_Pembayaran  IDPhotobook/button_Cek Status' (Root cause: com.kms.katalon.core.exception.StepFailedException: Unable to click on object 'Object Repository/Pembelian/Beli_Positif/Page_Pembayaran  IDPhotobook/button_Cek Status'
	at com.kms.katalon.core.webui.keyword.internal.WebUIKeywordMain.stepFailed(WebUIKeywordMain.groovy:64)
	at com.kms.katalon.core.webui.keyword.internal.WebUIKeywordMain.runKeyword(WebUIKeywordMain.groovy:26)
	at com.kms.katalon.core.webui.keyword.builtin.ClickKeyword.click(ClickKeyword.groovy:76)
	at com.kms.katalon.core.webui.keyword.builtin.ClickKeyword.execute(ClickKeyword.groovy:43)
	at com.kms.katalon.core.keyword.internal.KeywordExecutor.executeKeywordForPlatform(KeywordExecutor.groovy:72)
	at com.kms.katalon.core.webui.keyword.WebUiBuiltInKeywords.click(WebUiBuiltInKeywords.groovy:616)
	at com.kms.katalon.core.webui.keyword.WebUiBuiltInKeywords$click$1.call(Unknown Source)
	at Pembelian_Positif.run(Pembelian_Positif:162)
	at com.kms.katalon.core.main.ScriptEngine.run(ScriptEngine.java:194)
	at com.kms.katalon.core.main.ScriptEngine.runScriptAsRawText(ScriptEngine.java:119)
	at com.kms.katalon.core.main.TestCaseExecutor.runScript(TestCaseExecutor.java:337)
	at com.kms.katalon.core.main.TestCaseExecutor.doExecute(TestCaseExecutor.java:328)
	at com.kms.katalon.core.main.TestCaseExecutor.processExecutionPhase(TestCaseExecutor.java:307)
	at com.kms.katalon.core.main.TestCaseExecutor.accessMainPhase(TestCaseExecutor.java:299)
	at com.kms.katalon.core.main.TestCaseExecutor.execute(TestCaseExecutor.java:233)
	at com.kms.katalon.core.main.TestSuiteExecutor.accessTestCaseMainPhase(TestSuiteExecutor.java:169)
	at com.kms.katalon.core.main.TestSuiteExecutor.accessTestSuiteMainPhase(TestSuiteExecutor.java:142)
	at com.kms.katalon.core.main.TestSuiteExecutor.execute(TestSuiteExecutor.java:91)
	at com.kms.katalon.core.main.TestCaseMain.startTestSuite(TestCaseMain.java:157)
	at com.kms.katalon.core.main.TestCaseMain$startTestSuite$0.call(Unknown Source)
	at TempTestSuite1594286510876.run(TempTestSuite1594286510876.groovy:37)
Caused by: com.kms.katalon.core.webui.exception.WebElementNotFoundException: Web element with id: 'Object Repository/Pembelian/Beli_Positif/Page_Pembayaran  IDPhotobook/button_Cek Status' located by 'By.xpath: (.//*[normalize-space(text()) and normalize-space(.)='Ubah File'])[1]/following::button[1]' not found
	at com.kms.katalon.core.webui.common.WebUiCommonHelper.findWebElement(WebUiCommonHelper.java:1154)
	at com.kms.katalon.core.webui.keyword.internal.WebUIAbstractKeyword.findWebElement(WebUIAbstractKeyword.groovy:27)
	at com.kms.katalon.core.webui.keyword.internal.WebUIAbstractKeyword.findWebElement(WebUIAbstractKeyword.groovy:26)
	at com.kms.katalon.core.webui.keyword.builtin.ClickKeyword$_click_closure1.doCall(ClickKeyword.groovy:67)
	at com.kms.katalon.core.webui.keyword.builtin.ClickKeyword$_click_closure1.call(ClickKeyword.groovy)
	at com.kms.katalon.core.webui.keyword.internal.WebUIKeywordMain.runKeyword(WebUIKeywordMain.groovy:20)
	at com.kms.katalon.core.webui.keyword.builtin.ClickKeyword.click(ClickKeyword.groovy:76)
	at com.kms.katalon.core.webui.keyword.builtin.ClickKeyword.execute(ClickKeyword.groovy:43)
	at com.kms.katalon.core.keyword.internal.KeywordExecutor.executeKeywordForPlatform(KeywordExecutor.groovy:72)
	at com.kms.katalon.core.webui.keyword.WebUiBuiltInKeywords.click(WebUiBuiltInKeywords.groovy:616)
	at com.kms.katalon.core.webui.keyword.WebUiBuiltInKeywords$click$1.call(Unknown Source)
	at Script1593950167284.run(Script1593950167284.groovy:162)
	... 13 more
)
[[ATTACHMENT|D:\\Test IPB\\Reports\\20200709_162150\\Beli\\20200709_162150\\1594286637621.png]]]]></system-out>
         <system-err><![CDATA[2020-07-09 16:21:52 - [TEST_CASE][FAILED] - Test Cases/Pembelian/Pembelian_Positif: Test Cases/Pembelian/Pembelian_Positif FAILED.
Reason:
com.kms.katalon.core.exception.StepFailedException: Unable to click on object 'Object Repository/Pembelian/Beli_Positif/Page_Pembayaran  IDPhotobook/button_Cek Status'
	at com.kms.katalon.core.webui.keyword.internal.WebUIKeywordMain.stepFailed(WebUIKeywordMain.groovy:64)
	at com.kms.katalon.core.webui.keyword.internal.WebUIKeywordMain.runKeyword(WebUIKeywordMain.groovy:26)
	at com.kms.katalon.core.webui.keyword.builtin.ClickKeyword.click(ClickKeyword.groovy:76)
	at com.kms.katalon.core.webui.keyword.builtin.ClickKeyword.execute(ClickKeyword.groovy:43)
	at com.kms.katalon.core.keyword.internal.KeywordExecutor.executeKeywordForPlatform(KeywordExecutor.groovy:72)
	at com.kms.katalon.core.webui.keyword.WebUiBuiltInKeywords.click(WebUiBuiltInKeywords.groovy:616)
	at com.kms.katalon.core.webui.keyword.WebUiBuiltInKeywords$click$1.call(Unknown Source)
	at Pembelian_Positif.run(Pembelian_Positif:162)
	at com.kms.katalon.core.main.ScriptEngine.run(ScriptEngine.java:194)
	at com.kms.katalon.core.main.ScriptEngine.runScriptAsRawText(ScriptEngine.java:119)
	at com.kms.katalon.core.main.TestCaseExecutor.runScript(TestCaseExecutor.java:337)
	at com.kms.katalon.core.main.TestCaseExecutor.doExecute(TestCaseExecutor.java:328)
	at com.kms.katalon.core.main.TestCaseExecutor.processExecutionPhase(TestCaseExecutor.java:307)
	at com.kms.katalon.core.main.TestCaseExecutor.accessMainPhase(TestCaseExecutor.java:299)
	at com.kms.katalon.core.main.TestCaseExecutor.execute(TestCaseExecutor.java:233)
	at com.kms.katalon.core.main.TestSuiteExecutor.accessTestCaseMainPhase(TestSuiteExecutor.java:169)
	at com.kms.katalon.core.main.TestSuiteExecutor.accessTestSuiteMainPhase(TestSuiteExecutor.java:142)
	at com.kms.katalon.core.main.TestSuiteExecutor.execute(TestSuiteExecutor.java:91)
	at com.kms.katalon.core.main.TestCaseMain.startTestSuite(TestCaseMain.java:157)
	at com.kms.katalon.core.main.TestCaseMain$startTestSuite$0.call(Unknown Source)
	at TempTestSuite1594286510876.run(TempTestSuite1594286510876.groovy:37)
Caused by: com.kms.katalon.core.webui.exception.WebElementNotFoundException: Web element with id: 'Object Repository/Pembelian/Beli_Positif/Page_Pembayaran  IDPhotobook/button_Cek Status' located by 'By.xpath: (.//*[normalize-space(text()) and normalize-space(.)='Ubah File'])[1]/following::button[1]' not found
	at com.kms.katalon.core.webui.common.WebUiCommonHelper.findWebElement(WebUiCommonHelper.java:1154)
	at com.kms.katalon.core.webui.keyword.internal.WebUIAbstractKeyword.findWebElement(WebUIAbstractKeyword.groovy:27)
	at com.kms.katalon.core.webui.keyword.internal.WebUIAbstractKeyword.findWebElement(WebUIAbstractKeyword.groovy:26)
	at com.kms.katalon.core.webui.keyword.builtin.ClickKeyword$_click_closure1.doCall(ClickKeyword.groovy:67)
	at com.kms.katalon.core.webui.keyword.builtin.ClickKeyword$_click_closure1.call(ClickKeyword.groovy)
	at com.kms.katalon.core.webui.keyword.internal.WebUIKeywordMain.runKeyword(WebUIKeywordMain.groovy:20)
	... 19 more]]></system-err>
      </testcase>
      <testcase name="Test Cases/Pembelian/Pembelian_Negatif" time="87.101" classname="Test Cases/Pembelian/Pembelian_Negatif" status="PASSED">
         <system-out><![CDATA[2020-07-09 16:23:57 - [TEST_CASE][PASSED] - Test Cases/Pembelian/Pembelian_Negatif: Test Cases/Pembelian/Pembelian_Negatif

2020-07-09 16:23:58 - [TEST_STEP][PASSED] - SetCreateFolder = "IDPhotoBooks": null

2020-07-09 16:23:58 - [TEST_STEP][PASSED] - SetSeparate = "CallCreateSubFolder": null

2020-07-09 16:23:58 - [TEST_STEP][PASSED] - SetTestScriptID = findTestData("Pembelian/Pembelian").getValue("SCRIPT ID", 2): null

2020-07-09 16:23:58 - [TEST_STEP][PASSED] - callTestCase(findTestCase("Services/SVC_Separate"), null): Call Test Case 'Test Cases/Services/SVC_Separate' successfully

2020-07-09 16:23:58 - [TEST_CASE][PASSED] - Test Cases/Services/SVC_Separate: Test Cases/Services/SVC_Separate

2020-07-09 16:23:58 - [TEST_STEP][PASSED] - if (SetSeparate == "CallCreateSubFolder"): Call Test Case 'Test Cases/Services/SVC_Create Sub Folder' successfully

2020-07-09 16:23:58 - [TEST_STEP][PASSED] - callTestCase(findTestCase("Services/SVC_Create Folder"), null): Call Test Case 'Test Cases/Services/SVC_Create Folder' successfully

2020-07-09 16:23:58 - [TEST_CASE][PASSED] - Test Cases/Services/SVC_Create Folder: Test Cases/Services/SVC_Create Folder

2020-07-09 16:23:58 - [TEST_STEP][PASSED] - path = Paths.get("D://Test IPB//Result" + "//" + SetCreateFolder): null

2020-07-09 16:23:58 - [TEST_STEP][PASSED] - if (!(Files.exists(path))): null

2020-07-09 16:23:58 - [MESSAGE][PASSED] - Call Test Case 'Test Cases/Services/SVC_Create Folder' successfully

2020-07-09 16:23:58 - [TEST_STEP][PASSED] - callTestCase(findTestCase("Services/SVC_Create Sub Folder"), null): Call Test Case 'Test Cases/Services/SVC_Create Sub Folder' successfully

2020-07-09 16:23:58 - [TEST_CASE][PASSED] - Test Cases/Services/SVC_Create Sub Folder: Test Cases/Services/SVC_Create Sub Folder

2020-07-09 16:23:58 - [TEST_STEP][PASSED] - x = 1: null

2020-07-09 16:23:58 - [TEST_STEP][PASSED] - subpath = Paths.get("D://Test IPB//Result" + "//" + SetCreateFolder + "//Run_" + x): null

2020-07-09 16:23:58 - [TEST_STEP][PASSED] - if (!(Files.notExists(subpath))): null

2020-07-09 16:23:58 - [TEST_STEP][PASSED] - while (!(Files.notExists(subpath))): null

2020-07-09 16:23:58 - [TEST_STEP][PASSED] - if (!(Files.exists(Paths.get("D://Test IPB//Result" + "//" + SetCreateFolder + "//Run_" + x)))): null

2020-07-09 16:23:58 - [TEST_STEP][PASSED] - x += 1: null

2020-07-09 16:23:58 - [TEST_STEP][PASSED] - if (!(Files.exists(Paths.get("D://Test IPB//Result" + "//" + SetCreateFolder + "//Run_" + x)))): null

2020-07-09 16:23:58 - [TEST_STEP][PASSED] - x += 1: null

2020-07-09 16:23:58 - [TEST_STEP][PASSED] - if (!(Files.exists(Paths.get("D://Test IPB//Result" + "//" + SetCreateFolder + "//Run_" + x)))): null

2020-07-09 16:23:58 - [TEST_STEP][PASSED] - x += 1: null

2020-07-09 16:23:58 - [TEST_STEP][PASSED] - if (!(Files.exists(Paths.get("D://Test IPB//Result" + "//" + SetCreateFolder + "//Run_" + x)))): null

2020-07-09 16:23:58 - [TEST_STEP][PASSED] - x += 1: null

2020-07-09 16:23:58 - [TEST_STEP][PASSED] - if (!(Files.exists(Paths.get("D://Test IPB//Result" + "//" + SetCreateFolder + "//Run_" + x)))): null

2020-07-09 16:23:58 - [TEST_STEP][PASSED] - x += 1: null

2020-07-09 16:23:58 - [TEST_STEP][PASSED] - if (!(Files.exists(Paths.get("D://Test IPB//Result" + "//" + SetCreateFolder + "//Run_" + x)))): null

2020-07-09 16:23:58 - [TEST_STEP][PASSED] - Files.createDirectories(Paths.get("D://Test IPB//Result" + "//" + SetCreateFolder + "//Run_" + x)): null

2020-07-09 16:23:58 - [TEST_STEP][PASSED] - break: null

2020-07-09 16:23:58 - [TEST_STEP][PASSED] - setsubpath = Paths.get("D://Test IPB//Result" + "//" + SetCreateFolder + "//Run_" + x): null

2020-07-09 16:23:58 - [TEST_STEP][PASSED] - SetPathCapture = setsubpath: null

2020-07-09 16:23:58 - [MESSAGE][PASSED] - Call Test Case 'Test Cases/Services/SVC_Create Sub Folder' successfully

2020-07-09 16:23:58 - [MESSAGE][PASSED] - Call Test Case 'Test Cases/Services/SVC_Separate' successfully

2020-07-09 16:23:58 - [TEST_STEP][PASSED] - openBrowser(findTestData("URL/URL").getValue(1, 1)): Browser is opened with url: 'https://embrio.idphotobook.com/ '

2020-07-09 16:23:58 - [MESSAGE][WARNING] - A browser is already opened. Closing browser and opening a new one

2020-07-09 16:23:58 - [MESSAGE][INFO] - Starting 'Chrome' driver

2020-07-09 16:23:58 - [MESSAGE][INFO] - Action delay is set to 0 milliseconds

2020-07-09 16:24:04 - [MESSAGE][PASSED] - Browser is opened with url: 'https://embrio.idphotobook.com/ '

2020-07-09 16:24:04 - [TEST_STEP][PASSED] - maximizeWindow(): Current window maximized

2020-07-09 16:24:06 - [MESSAGE][PASSED] - Current window maximized

2020-07-09 16:24:06 - [TEST_STEP][PASSED] - click(findTestObject("Login/Login Negatif/Page_Home  IDPhotobook/div_Akun")): Object: 'Object Repository/Login/Login Negatif/Page_Home  IDPhotobook/div_Akun' is clicked on

2020-07-09 16:24:07 - [MESSAGE][PASSED] - Object: 'Object Repository/Login/Login Negatif/Page_Home  IDPhotobook/div_Akun' is clicked on

2020-07-09 16:24:07 - [TEST_STEP][PASSED] - delay(2): Delayed 2 second(s)

2020-07-09 16:24:09 - [MESSAGE][PASSED] - Delayed 2 second(s)

2020-07-09 16:24:09 - [TEST_STEP][PASSED] - callTestCase(findTestCase("Services/SVC_Get Capture"), null, STOP_ON_FAILURE): Call Test Case 'Test Cases/Services/SVC_Get Capture' successfully

2020-07-09 16:24:09 - [TEST_CASE][PASSED] - Test Cases/Services/SVC_Get Capture: Test Cases/Services/SVC_Get Capture

2020-07-09 16:24:09 - [TEST_STEP][PASSED] - delay(TimeDelay): Delayed 1 second(s)

2020-07-09 16:24:10 - [MESSAGE][PASSED] - Delayed 1 second(s)

2020-07-09 16:24:10 - [TEST_STEP][PASSED] - GetPath = SetPathCapture: null

2020-07-09 16:24:10 - [TEST_STEP][PASSED] - GetPathData = GetPath + "\" + SetTestScriptID: null

2020-07-09 16:24:10 - [TEST_STEP][PASSED] - SetPath = Paths.get(GetPathData): null

2020-07-09 16:24:10 - [TEST_STEP][PASSED] - if (Files.notExists(SetPath)): null

2020-07-09 16:24:10 - [TEST_STEP][PASSED] - try: null

2020-07-09 16:24:10 - [TEST_STEP][PASSED] - Files.createDirectories(SetPath): null

2020-07-09 16:24:10 - [TEST_STEP][PASSED] - today = new java.util.Date(): null

2020-07-09 16:24:10 - [TEST_STEP][PASSED] - CapturePath = SetPath: null

2020-07-09 16:24:10 - [TEST_STEP][PASSED] - GetSubCapture = CapturePath: null

2020-07-09 16:24:10 - [TEST_STEP][PASSED] - CapturePath += "\": null

2020-07-09 16:24:10 - [TEST_STEP][PASSED] - if (VerifyCheck == true): Taking screenshot successfully

2020-07-09 16:24:10 - [TEST_STEP][PASSED] - takeScreenshot(CapturePath + today.format("ddMMyy") + today.format("hhmmss") + "_" + SetTestScriptID + ".png"): Taking screenshot successfully

2020-07-09 16:24:10 - [MESSAGE][PASSED] - Taking screenshot successfully
[[ATTACHMENT|D:\\Test IPB\\Result\\IDPhotoBooks\\Run_6\\Pembelian_Negatif\\090720042410_Pembelian_Negatif.png]]

2020-07-09 16:24:10 - [MESSAGE][PASSED] - Call Test Case 'Test Cases/Services/SVC_Get Capture' successfully

2020-07-09 16:24:10 - [TEST_STEP][PASSED] - setText(findTestObject("Object Repository/Login/Login Positif/Page_Login  IDPhotobook/input_Yuuk Login ke IDPhotobookcom_mat-input-0"), findTestData("Login/Login_Positif").getValue("WhatsApp", 1)): Text '085721576989' is set on object 'Object Repository/Login/Login Positif/Page_Login  IDPhotobook/input_Yuuk Login ke IDPhotobookcom_mat-input-0'

2020-07-09 16:24:11 - [MESSAGE][PASSED] - Text '085721576989' is set on object 'Object Repository/Login/Login Positif/Page_Login  IDPhotobook/input_Yuuk Login ke IDPhotobookcom_mat-input-0'

2020-07-09 16:24:11 - [TEST_STEP][PASSED] - setText(findTestObject("Object Repository/Login/Login Positif/Page_Login  IDPhotobook/input_Nomor Whatsapp  Email_mat-input-1"), findTestData("Login/Login_Positif").getValue("Password", 1)): Text 'indraw898' is set on object 'Object Repository/Login/Login Positif/Page_Login  IDPhotobook/input_Nomor Whatsapp  Email_mat-input-1'

2020-07-09 16:24:12 - [MESSAGE][PASSED] - Text 'indraw898' is set on object 'Object Repository/Login/Login Positif/Page_Login  IDPhotobook/input_Nomor Whatsapp  Email_mat-input-1'

2020-07-09 16:24:12 - [TEST_STEP][PASSED] - click(findTestObject("Object Repository/Login/Login Positif/Page_Login  IDPhotobook/button_Masuk Sekarang")): Object: 'Object Repository/Login/Login Positif/Page_Login  IDPhotobook/button_Masuk Sekarang' is clicked on

2020-07-09 16:24:12 - [MESSAGE][PASSED] - Object: 'Object Repository/Login/Login Positif/Page_Login  IDPhotobook/button_Masuk Sekarang' is clicked on

2020-07-09 16:24:12 - [TEST_STEP][PASSED] - callTestCase(findTestCase("Services/SVC_Get Capture"), null, STOP_ON_FAILURE): Call Test Case 'Test Cases/Services/SVC_Get Capture' successfully

2020-07-09 16:24:12 - [TEST_CASE][PASSED] - Test Cases/Services/SVC_Get Capture: Test Cases/Services/SVC_Get Capture

2020-07-09 16:24:12 - [TEST_STEP][PASSED] - delay(TimeDelay): Delayed 1 second(s)

2020-07-09 16:24:13 - [MESSAGE][PASSED] - Delayed 1 second(s)

2020-07-09 16:24:13 - [TEST_STEP][PASSED] - GetPath = SetPathCapture: null

2020-07-09 16:24:13 - [TEST_STEP][PASSED] - GetPathData = GetPath + "\" + SetTestScriptID: null

2020-07-09 16:24:13 - [TEST_STEP][PASSED] - SetPath = Paths.get(GetPathData): null

2020-07-09 16:24:13 - [TEST_STEP][PASSED] - if (Files.notExists(SetPath)): null

2020-07-09 16:24:13 - [TEST_STEP][PASSED] - today = new java.util.Date(): null

2020-07-09 16:24:13 - [TEST_STEP][PASSED] - CapturePath = SetPath: null

2020-07-09 16:24:13 - [TEST_STEP][PASSED] - GetSubCapture = CapturePath: null

2020-07-09 16:24:13 - [TEST_STEP][PASSED] - CapturePath += "\": null

2020-07-09 16:24:13 - [TEST_STEP][PASSED] - if (VerifyCheck == true): Taking screenshot successfully

2020-07-09 16:24:13 - [TEST_STEP][PASSED] - takeScreenshot(CapturePath + today.format("ddMMyy") + today.format("hhmmss") + "_" + SetTestScriptID + ".png"): Taking screenshot successfully

2020-07-09 16:24:14 - [MESSAGE][PASSED] - Taking screenshot successfully
[[ATTACHMENT|D:\\Test IPB\\Result\\IDPhotoBooks\\Run_6\\Pembelian_Negatif\\090720042413_Pembelian_Negatif.png]]

2020-07-09 16:24:14 - [MESSAGE][PASSED] - Call Test Case 'Test Cases/Services/SVC_Get Capture' successfully

2020-07-09 16:24:14 - [TEST_STEP][PASSED] - click(findTestObject("Object Repository/Pembelian/Beli_Positif/Page_Akun  IDPhotobook/div_Asset 1Katalog")): Object: 'Object Repository/Pembelian/Beli_Positif/Page_Akun  IDPhotobook/div_Asset 1Katalog' is clicked on

2020-07-09 16:24:15 - [MESSAGE][PASSED] - Object: 'Object Repository/Pembelian/Beli_Positif/Page_Akun  IDPhotobook/div_Asset 1Katalog' is clicked on

2020-07-09 16:24:15 - [TEST_STEP][PASSED] - delay(2): Delayed 2 second(s)

2020-07-09 16:24:17 - [MESSAGE][PASSED] - Delayed 2 second(s)

2020-07-09 16:24:17 - [TEST_STEP][PASSED] - click(findTestObject("Pembelian/Produk/Page_Katalog  IDPhotobook/NewBellaSerries(1)")): Object: 'Object Repository/Pembelian/Produk/Page_Katalog  IDPhotobook/NewBellaSerries(1)' is clicked on

2020-07-09 16:24:17 - [MESSAGE][PASSED] - Object: 'Object Repository/Pembelian/Produk/Page_Katalog  IDPhotobook/NewBellaSerries(1)' is clicked on

2020-07-09 16:24:17 - [TEST_STEP][PASSED] - delay(2): Delayed 2 second(s)

2020-07-09 16:24:19 - [MESSAGE][PASSED] - Delayed 2 second(s)

2020-07-09 16:24:19 - [TEST_STEP][PASSED] - click(findTestObject("Object Repository/Pembelian/Beli_Positif/Page_Masker Non Medic  IDPhotobook/div_Pesan Sekarang")): Object: 'Object Repository/Pembelian/Beli_Positif/Page_Masker Non Medic  IDPhotobook/div_Pesan Sekarang' is clicked on

2020-07-09 16:24:19 - [MESSAGE][PASSED] - Object: 'Object Repository/Pembelian/Beli_Positif/Page_Masker Non Medic  IDPhotobook/div_Pesan Sekarang' is clicked on

2020-07-09 16:24:19 - [TEST_STEP][PASSED] - delay(2): Delayed 2 second(s)

2020-07-09 16:24:21 - [MESSAGE][PASSED] - Delayed 2 second(s)

2020-07-09 16:24:21 - [TEST_STEP][PASSED] - click(findTestObject("Object Repository/Pembelian/Beli_Positif/Page_Masker Non Medic  IDPhotobook/button_Lanjutkan Belanja")): Object: 'Object Repository/Pembelian/Beli_Positif/Page_Masker Non Medic  IDPhotobook/button_Lanjutkan Belanja' is clicked on

2020-07-09 16:24:22 - [MESSAGE][PASSED] - Object: 'Object Repository/Pembelian/Beli_Positif/Page_Masker Non Medic  IDPhotobook/button_Lanjutkan Belanja' is clicked on

2020-07-09 16:24:22 - [TEST_STEP][PASSED] - callTestCase(findTestCase("Services/SVC_Get Capture"), null, STOP_ON_FAILURE): Call Test Case 'Test Cases/Services/SVC_Get Capture' successfully

2020-07-09 16:24:22 - [TEST_CASE][PASSED] - Test Cases/Services/SVC_Get Capture: Test Cases/Services/SVC_Get Capture

2020-07-09 16:24:22 - [TEST_STEP][PASSED] - delay(TimeDelay): Delayed 1 second(s)

2020-07-09 16:24:23 - [MESSAGE][PASSED] - Delayed 1 second(s)

2020-07-09 16:24:23 - [TEST_STEP][PASSED] - GetPath = SetPathCapture: null

2020-07-09 16:24:23 - [TEST_STEP][PASSED] - GetPathData = GetPath + "\" + SetTestScriptID: null

2020-07-09 16:24:23 - [TEST_STEP][PASSED] - SetPath = Paths.get(GetPathData): null

2020-07-09 16:24:23 - [TEST_STEP][PASSED] - if (Files.notExists(SetPath)): null

2020-07-09 16:24:23 - [TEST_STEP][PASSED] - today = new java.util.Date(): null

2020-07-09 16:24:23 - [TEST_STEP][PASSED] - CapturePath = SetPath: null

2020-07-09 16:24:23 - [TEST_STEP][PASSED] - GetSubCapture = CapturePath: null

2020-07-09 16:24:23 - [TEST_STEP][PASSED] - CapturePath += "\": null

2020-07-09 16:24:23 - [TEST_STEP][PASSED] - if (VerifyCheck == true): Taking screenshot successfully

2020-07-09 16:24:23 - [TEST_STEP][PASSED] - takeScreenshot(CapturePath + today.format("ddMMyy") + today.format("hhmmss") + "_" + SetTestScriptID + ".png"): Taking screenshot successfully

2020-07-09 16:24:23 - [MESSAGE][PASSED] - Taking screenshot successfully
[[ATTACHMENT|D:\\Test IPB\\Result\\IDPhotoBooks\\Run_6\\Pembelian_Negatif\\090720042423_Pembelian_Negatif.png]]

2020-07-09 16:24:23 - [MESSAGE][PASSED] - Call Test Case 'Test Cases/Services/SVC_Get Capture' successfully

2020-07-09 16:24:23 - [TEST_STEP][PASSED] - click(findTestObject("Object Repository/Pembelian/Beli_Positif/Page_Masker Non Medic  IDPhotobook/div_Asset 1Katalog")): Object: 'Object Repository/Pembelian/Beli_Positif/Page_Masker Non Medic  IDPhotobook/div_Asset 1Katalog' is clicked on

2020-07-09 16:24:23 - [MESSAGE][PASSED] - Object: 'Object Repository/Pembelian/Beli_Positif/Page_Masker Non Medic  IDPhotobook/div_Asset 1Katalog' is clicked on

2020-07-09 16:24:23 - [TEST_STEP][PASSED] - delay(2): Delayed 2 second(s)

2020-07-09 16:24:25 - [MESSAGE][PASSED] - Delayed 2 second(s)

2020-07-09 16:24:25 - [TEST_STEP][PASSED] - click(findTestObject("Object Repository/Pembelian/Beli_Positif/Page_Katalog  IDPhotobook/button_Paling Laris")): Object: 'Object Repository/Pembelian/Beli_Positif/Page_Katalog  IDPhotobook/button_Paling Laris' is clicked on

2020-07-09 16:24:26 - [MESSAGE][PASSED] - Object: 'Object Repository/Pembelian/Beli_Positif/Page_Katalog  IDPhotobook/button_Paling Laris' is clicked on

2020-07-09 16:24:26 - [TEST_STEP][PASSED] - delay(2): Delayed 2 second(s)

2020-07-09 16:24:28 - [MESSAGE][PASSED] - Delayed 2 second(s)

2020-07-09 16:24:28 - [TEST_STEP][PASSED] - click(findTestObject("Pembelian/Produk/Page_Katalog  IDPhotobook/ElenaSeries(2)")): Object: 'Object Repository/Pembelian/Produk/Page_Katalog  IDPhotobook/ElenaSeries(2)' is clicked on

2020-07-09 16:24:28 - [MESSAGE][PASSED] - Object: 'Object Repository/Pembelian/Produk/Page_Katalog  IDPhotobook/ElenaSeries(2)' is clicked on

2020-07-09 16:24:28 - [TEST_STEP][PASSED] - delay(2): Delayed 2 second(s)

2020-07-09 16:24:30 - [MESSAGE][PASSED] - Delayed 2 second(s)

2020-07-09 16:24:30 - [TEST_STEP][PASSED] - click(findTestObject("Object Repository/Pembelian/Beli_Positif/Page_Elena Series  IDPhotobook/div_Pesan Sekarang")): Object: 'Object Repository/Pembelian/Beli_Positif/Page_Elena Series  IDPhotobook/div_Pesan Sekarang' is clicked on

2020-07-09 16:24:30 - [MESSAGE][PASSED] - Object: 'Object Repository/Pembelian/Beli_Positif/Page_Elena Series  IDPhotobook/div_Pesan Sekarang' is clicked on

2020-07-09 16:24:30 - [TEST_STEP][PASSED] - delay(2): Delayed 2 second(s)

2020-07-09 16:24:32 - [MESSAGE][PASSED] - Delayed 2 second(s)

2020-07-09 16:24:32 - [TEST_STEP][PASSED] - click(findTestObject("Object Repository/Pembelian/Beli_Positif/Page_Elena Series  IDPhotobook/button_Lanjutkan Belanja")): Object: 'Object Repository/Pembelian/Beli_Positif/Page_Elena Series  IDPhotobook/button_Lanjutkan Belanja' is clicked on

2020-07-09 16:24:33 - [MESSAGE][PASSED] - Object: 'Object Repository/Pembelian/Beli_Positif/Page_Elena Series  IDPhotobook/button_Lanjutkan Belanja' is clicked on

2020-07-09 16:24:33 - [TEST_STEP][PASSED] - callTestCase(findTestCase("Services/SVC_Get Capture"), null, STOP_ON_FAILURE): Call Test Case 'Test Cases/Services/SVC_Get Capture' successfully

2020-07-09 16:24:33 - [TEST_CASE][PASSED] - Test Cases/Services/SVC_Get Capture: Test Cases/Services/SVC_Get Capture

2020-07-09 16:24:33 - [TEST_STEP][PASSED] - delay(TimeDelay): Delayed 1 second(s)

2020-07-09 16:24:34 - [MESSAGE][PASSED] - Delayed 1 second(s)

2020-07-09 16:24:34 - [TEST_STEP][PASSED] - GetPath = SetPathCapture: null

2020-07-09 16:24:34 - [TEST_STEP][PASSED] - GetPathData = GetPath + "\" + SetTestScriptID: null

2020-07-09 16:24:34 - [TEST_STEP][PASSED] - SetPath = Paths.get(GetPathData): null

2020-07-09 16:24:34 - [TEST_STEP][PASSED] - if (Files.notExists(SetPath)): null

2020-07-09 16:24:34 - [TEST_STEP][PASSED] - today = new java.util.Date(): null

2020-07-09 16:24:34 - [TEST_STEP][PASSED] - CapturePath = SetPath: null

2020-07-09 16:24:34 - [TEST_STEP][PASSED] - GetSubCapture = CapturePath: null

2020-07-09 16:24:34 - [TEST_STEP][PASSED] - CapturePath += "\": null

2020-07-09 16:24:34 - [TEST_STEP][PASSED] - if (VerifyCheck == true): Taking screenshot successfully

2020-07-09 16:24:34 - [TEST_STEP][PASSED] - takeScreenshot(CapturePath + today.format("ddMMyy") + today.format("hhmmss") + "_" + SetTestScriptID + ".png"): Taking screenshot successfully

2020-07-09 16:24:34 - [MESSAGE][PASSED] - Taking screenshot successfully
[[ATTACHMENT|D:\\Test IPB\\Result\\IDPhotoBooks\\Run_6\\Pembelian_Negatif\\090720042434_Pembelian_Negatif.png]]

2020-07-09 16:24:34 - [MESSAGE][PASSED] - Call Test Case 'Test Cases/Services/SVC_Get Capture' successfully

2020-07-09 16:24:34 - [TEST_STEP][PASSED] - click(findTestObject("Object Repository/Pembelian/Beli_Positif/Page_Elena Series  IDPhotobook/div_Asset 1Katalog")): Object: 'Object Repository/Pembelian/Beli_Positif/Page_Elena Series  IDPhotobook/div_Asset 1Katalog' is clicked on

2020-07-09 16:24:35 - [MESSAGE][PASSED] - Object: 'Object Repository/Pembelian/Beli_Positif/Page_Elena Series  IDPhotobook/div_Asset 1Katalog' is clicked on

2020-07-09 16:24:35 - [TEST_STEP][PASSED] - delay(2): Delayed 2 second(s)

2020-07-09 16:24:37 - [MESSAGE][PASSED] - Delayed 2 second(s)

2020-07-09 16:24:37 - [TEST_STEP][PASSED] - click(findTestObject("Object Repository/Pembelian/Beli_Positif/Page_Katalog  IDPhotobook/button_Dibawah 150000")): Object: 'Object Repository/Pembelian/Beli_Positif/Page_Katalog  IDPhotobook/button_Dibawah 150000' is clicked on

2020-07-09 16:24:37 - [MESSAGE][PASSED] - Object: 'Object Repository/Pembelian/Beli_Positif/Page_Katalog  IDPhotobook/button_Dibawah 150000' is clicked on

2020-07-09 16:24:37 - [TEST_STEP][PASSED] - delay(2): Delayed 2 second(s)

2020-07-09 16:24:39 - [MESSAGE][PASSED] - Delayed 2 second(s)

2020-07-09 16:24:39 - [TEST_STEP][PASSED] - click(findTestObject("Pembelian/Produk/Page_Katalog  IDPhotobook/Kalender Jumbo 20R (3)")): Object: 'Object Repository/Pembelian/Produk/Page_Katalog  IDPhotobook/Kalender Jumbo 20R (3)' is clicked on

2020-07-09 16:24:39 - [MESSAGE][PASSED] - Object: 'Object Repository/Pembelian/Produk/Page_Katalog  IDPhotobook/Kalender Jumbo 20R (3)' is clicked on

2020-07-09 16:24:39 - [TEST_STEP][PASSED] - delay(2): Delayed 2 second(s)

2020-07-09 16:24:41 - [MESSAGE][PASSED] - Delayed 2 second(s)

2020-07-09 16:24:41 - [TEST_STEP][PASSED] - click(findTestObject("Object Repository/Pembelian/Beli_Positif/Page_jamu anti corona  IDPhotobook/div_Pesan Sekarang")): Object: 'Object Repository/Pembelian/Beli_Positif/Page_jamu anti corona  IDPhotobook/div_Pesan Sekarang' is clicked on

2020-07-09 16:24:42 - [MESSAGE][PASSED] - Object: 'Object Repository/Pembelian/Beli_Positif/Page_jamu anti corona  IDPhotobook/div_Pesan Sekarang' is clicked on

2020-07-09 16:24:42 - [TEST_STEP][PASSED] - delay(2): Delayed 2 second(s)

2020-07-09 16:24:44 - [MESSAGE][PASSED] - Delayed 2 second(s)

2020-07-09 16:24:44 - [TEST_STEP][PASSED] - click(findTestObject("Object Repository/Pembelian/Beli_Positif/Page_jamu anti corona  IDPhotobook/button_Lanjutkan Belanja")): Object: 'Object Repository/Pembelian/Beli_Positif/Page_jamu anti corona  IDPhotobook/button_Lanjutkan Belanja' is clicked on

2020-07-09 16:24:44 - [MESSAGE][PASSED] - Object: 'Object Repository/Pembelian/Beli_Positif/Page_jamu anti corona  IDPhotobook/button_Lanjutkan Belanja' is clicked on

2020-07-09 16:24:44 - [TEST_STEP][PASSED] - callTestCase(findTestCase("Services/SVC_Get Capture"), null, STOP_ON_FAILURE): Call Test Case 'Test Cases/Services/SVC_Get Capture' successfully

2020-07-09 16:24:44 - [TEST_CASE][PASSED] - Test Cases/Services/SVC_Get Capture: Test Cases/Services/SVC_Get Capture

2020-07-09 16:24:44 - [TEST_STEP][PASSED] - delay(TimeDelay): Delayed 1 second(s)

2020-07-09 16:24:45 - [MESSAGE][PASSED] - Delayed 1 second(s)

2020-07-09 16:24:45 - [TEST_STEP][PASSED] - GetPath = SetPathCapture: null

2020-07-09 16:24:45 - [TEST_STEP][PASSED] - GetPathData = GetPath + "\" + SetTestScriptID: null

2020-07-09 16:24:45 - [TEST_STEP][PASSED] - SetPath = Paths.get(GetPathData): null

2020-07-09 16:24:45 - [TEST_STEP][PASSED] - if (Files.notExists(SetPath)): null

2020-07-09 16:24:45 - [TEST_STEP][PASSED] - today = new java.util.Date(): null

2020-07-09 16:24:45 - [TEST_STEP][PASSED] - CapturePath = SetPath: null

2020-07-09 16:24:45 - [TEST_STEP][PASSED] - GetSubCapture = CapturePath: null

2020-07-09 16:24:45 - [TEST_STEP][PASSED] - CapturePath += "\": null

2020-07-09 16:24:45 - [TEST_STEP][PASSED] - if (VerifyCheck == true): Taking screenshot successfully

2020-07-09 16:24:45 - [TEST_STEP][PASSED] - takeScreenshot(CapturePath + today.format("ddMMyy") + today.format("hhmmss") + "_" + SetTestScriptID + ".png"): Taking screenshot successfully

2020-07-09 16:24:45 - [MESSAGE][PASSED] - Taking screenshot successfully
[[ATTACHMENT|D:\\Test IPB\\Result\\IDPhotoBooks\\Run_6\\Pembelian_Negatif\\090720042445_Pembelian_Negatif.png]]

2020-07-09 16:24:45 - [MESSAGE][PASSED] - Call Test Case 'Test Cases/Services/SVC_Get Capture' successfully

2020-07-09 16:24:45 - [TEST_STEP][PASSED] - click(findTestObject("Object Repository/Pembelian/Beli_Positif/Page_jamu anti corona  IDPhotobook/div_Asset 1Katalog")): Object: 'Object Repository/Pembelian/Beli_Positif/Page_jamu anti corona  IDPhotobook/div_Asset 1Katalog' is clicked on

2020-07-09 16:24:46 - [MESSAGE][PASSED] - Object: 'Object Repository/Pembelian/Beli_Positif/Page_jamu anti corona  IDPhotobook/div_Asset 1Katalog' is clicked on

2020-07-09 16:24:46 - [TEST_STEP][PASSED] - delay(2): Delayed 2 second(s)

2020-07-09 16:24:48 - [MESSAGE][PASSED] - Delayed 2 second(s)

2020-07-09 16:24:48 - [TEST_STEP][PASSED] - click(findTestObject("Object Repository/Pembelian/Beli_Positif/Page_Katalog  IDPhotobook/button_Beneran Diskon")): Object: 'Object Repository/Pembelian/Beli_Positif/Page_Katalog  IDPhotobook/button_Beneran Diskon' is clicked on

2020-07-09 16:24:48 - [MESSAGE][PASSED] - Object: 'Object Repository/Pembelian/Beli_Positif/Page_Katalog  IDPhotobook/button_Beneran Diskon' is clicked on

2020-07-09 16:24:48 - [TEST_STEP][PASSED] - delay(2): Delayed 2 second(s)

2020-07-09 16:24:50 - [MESSAGE][PASSED] - Delayed 2 second(s)

[...]

2020-07-09 16:25:03 - [MESSAGE][PASSED] - Taking screenshot successfully
[[ATTACHMENT|D:\\Test IPB\\Result\\IDPhotoBooks\\Run_6\\Pembelian_Negatif\\090720042502_Pembelian_Negatif.png]]

2020-07-09 16:25:03 - [MESSAGE][PASSED] - Call Test Case 'Test Cases/Services/SVC_Get Capture' successfully

2020-07-09 16:25:03 - [TEST_STEP][PASSED] - click(findTestObject("Pembelian/Beli_Negatif/Page_Tas Belanja  IDPhotobook/delete_items_keranjang")): Object: 'Object Repository/Pembelian/Beli_Negatif/Page_Tas Belanja  IDPhotobook/delete_items_keranjang' is clicked on

2020-07-09 16:25:03 - [MESSAGE][PASSED] - Object: 'Object Repository/Pembelian/Beli_Negatif/Page_Tas Belanja  IDPhotobook/delete_items_keranjang' is clicked on

2020-07-09 16:25:03 - [TEST_STEP][PASSED] - click(findTestObject("Pembelian/Beli_Negatif/Page_Tas Belanja  IDPhotobook/button_Ya0")): Object: 'Object Repository/Pembelian/Beli_Negatif/Page_Tas Belanja  IDPhotobook/button_Ya0' is clicked on

2020-07-09 16:25:04 - [MESSAGE][PASSED] - Object: 'Object Repository/Pembelian/Beli_Negatif/Page_Tas Belanja  IDPhotobook/button_Ya0' is clicked on

2020-07-09 16:25:04 - [TEST_STEP][PASSED] - delay(2): Delayed 2 second(s)

2020-07-09 16:25:06 - [MESSAGE][PASSED] - Delayed 2 second(s)

2020-07-09 16:25:06 - [TEST_STEP][PASSED] - refresh(): Refresh successfully

2020-07-09 16:25:06 - [MESSAGE][PASSED] - Refresh successfully

2020-07-09 16:25:06 - [TEST_STEP][PASSED] - callTestCase(findTestCase("Services/SVC_Get Capture"), null, STOP_ON_FAILURE): Call Test Case 'Test Cases/Services/SVC_Get Capture' successfully

2020-07-09 16:25:06 - [TEST_CASE][PASSED] - Test Cases/Services/SVC_Get Capture: Test Cases/Services/SVC_Get Capture

2020-07-09 16:25:06 - [TEST_STEP][PASSED] - delay(TimeDelay): Delayed 1 second(s)

2020-07-09 16:25:07 - [MESSAGE][PASSED] - Delayed 1 second(s)

2020-07-09 16:25:07 - [TEST_STEP][PASSED] - GetPath = SetPathCapture: null

2020-07-09 16:25:07 - [TEST_STEP][PASSED] - GetPathData = GetPath + "\" + SetTestScriptID: null

2020-07-09 16:25:07 - [TEST_STEP][PASSED] - SetPath = Paths.get(GetPathData): null

2020-07-09 16:25:07 - [TEST_STEP][PASSED] - if (Files.notExists(SetPath)): null

2020-07-09 16:25:07 - [TEST_STEP][PASSED] - today = new java.util.Date(): null

2020-07-09 16:25:07 - [TEST_STEP][PASSED] - CapturePath = SetPath: null

2020-07-09 16:25:07 - [TEST_STEP][PASSED] - GetSubCapture = CapturePath: null

2020-07-09 16:25:07 - [TEST_STEP][PASSED] - CapturePath += "\": null

2020-07-09 16:25:07 - [TEST_STEP][PASSED] - if (VerifyCheck == true): Taking screenshot successfully

2020-07-09 16:25:07 - [TEST_STEP][PASSED] - takeScreenshot(CapturePath + today.format("ddMMyy") + today.format("hhmmss") + "_" + SetTestScriptID + ".png"): Taking screenshot successfully

2020-07-09 16:25:08 - [MESSAGE][PASSED] - Taking screenshot successfully
[[ATTACHMENT|D:\\Test IPB\\Result\\IDPhotoBooks\\Run_6\\Pembelian_Negatif\\090720042507_Pembelian_Negatif.png]]

2020-07-09 16:25:08 - [MESSAGE][PASSED] - Call Test Case 'Test Cases/Services/SVC_Get Capture' successfully

2020-07-09 16:25:08 - [TEST_STEP][PASSED] - verifyElementPresent(findTestObject("Pembelian/Beli_Negatif/Page_Tas Belanja  IDPhotobook/delete_items_keranjang"), 5, CONTINUE_ON_FAILURE): Object 'Object Repository/Pembelian/Beli_Negatif/Page_Tas Belanja  IDPhotobook/delete_items_keranjang' is present

2020-07-09 16:25:08 - [MESSAGE][PASSED] - Object 'Object Repository/Pembelian/Beli_Negatif/Page_Tas Belanja  IDPhotobook/delete_items_keranjang' is present

2020-07-09 16:25:08 - [TEST_STEP][PASSED] - click(findTestObject("Pembelian/Beli_Negatif/Page_Tas Belanja  IDPhotobook/delete_items_keranjang"), CONTINUE_ON_FAILURE): Object: 'Object Repository/Pembelian/Beli_Negatif/Page_Tas Belanja  IDPhotobook/delete_items_keranjang' is clicked on

2020-07-09 16:25:08 - [MESSAGE][PASSED] - Object: 'Object Repository/Pembelian/Beli_Negatif/Page_Tas Belanja  IDPhotobook/delete_items_keranjang' is clicked on

2020-07-09 16:25:08 - [TEST_STEP][PASSED] - click(findTestObject("Pembelian/Beli_Negatif/Page_Tas Belanja  IDPhotobook/button_Ya0"), CONTINUE_ON_FAILURE): Object: 'Object Repository/Pembelian/Beli_Negatif/Page_Tas Belanja  IDPhotobook/button_Ya0' is clicked on

2020-07-09 16:25:09 - [MESSAGE][PASSED] - Object: 'Object Repository/Pembelian/Beli_Negatif/Page_Tas Belanja  IDPhotobook/button_Ya0' is clicked on

2020-07-09 16:25:09 - [TEST_STEP][PASSED] - delay(2): Delayed 2 second(s)

2020-07-09 16:25:11 - [MESSAGE][PASSED] - Delayed 2 second(s)

2020-07-09 16:25:11 - [TEST_STEP][PASSED] - refresh(): Refresh successfully

2020-07-09 16:25:12 - [MESSAGE][PASSED] - Refresh successfully

2020-07-09 16:25:12 - [TEST_STEP][PASSED] - callTestCase(findTestCase("Services/SVC_Get Capture"), null, STOP_ON_FAILURE): Call Test Case 'Test Cases/Services/SVC_Get Capture' successfully

2020-07-09 16:25:12 - [TEST_CASE][PASSED] - Test Cases/Services/SVC_Get Capture: Test Cases/Services/SVC_Get Capture

2020-07-09 16:25:12 - [TEST_STEP][PASSED] - delay(TimeDelay): Delayed 1 second(s)

2020-07-09 16:25:13 - [MESSAGE][PASSED] - Delayed 1 second(s)

2020-07-09 16:25:13 - [TEST_STEP][PASSED] - GetPath = SetPathCapture: null

2020-07-09 16:25:13 - [TEST_STEP][PASSED] - GetPathData = GetPath + "\" + SetTestScriptID: null

2020-07-09 16:25:13 - [TEST_STEP][PASSED] - SetPath = Paths.get(GetPathData): null

2020-07-09 16:25:13 - [TEST_STEP][PASSED] - if (Files.notExists(SetPath)): null

2020-07-09 16:25:13 - [TEST_STEP][PASSED] - today = new java.util.Date(): null

2020-07-09 16:25:13 - [TEST_STEP][PASSED] - CapturePath = SetPath: null

2020-07-09 16:25:13 - [TEST_STEP][PASSED] - GetSubCapture = CapturePath: null

2020-07-09 16:25:13 - [TEST_STEP][PASSED] - CapturePath += "\": null

2020-07-09 16:25:13 - [TEST_STEP][PASSED] - if (VerifyCheck == true): Taking screenshot successfully

2020-07-09 16:25:13 - [TEST_STEP][PASSED] - takeScreenshot(CapturePath + today.format("ddMMyy") + today.format("hhmmss") + "_" + SetTestScriptID + ".png"): Taking screenshot successfully

2020-07-09 16:25:13 - [MESSAGE][PASSED] - Taking screenshot successfully
[[ATTACHMENT|D:\\Test IPB\\Result\\IDPhotoBooks\\Run_6\\Pembelian_Negatif\\090720042513_Pembelian_Negatif.png]]

2020-07-09 16:25:13 - [MESSAGE][PASSED] - Call Test Case 'Test Cases/Services/SVC_Get Capture' successfully

2020-07-09 16:25:13 - [TEST_STEP][PASSED] - verifyElementPresent(findTestObject("Pembelian/Beli_Negatif/Page_Tas Belanja  IDPhotobook/delete_items_keranjang"), 5, CONTINUE_ON_FAILURE): Object 'Object Repository/Pembelian/Beli_Negatif/Page_Tas Belanja  IDPhotobook/delete_items_keranjang' is present

2020-07-09 16:25:14 - [MESSAGE][PASSED] - Object 'Object Repository/Pembelian/Beli_Negatif/Page_Tas Belanja  IDPhotobook/delete_items_keranjang' is present

2020-07-09 16:25:14 - [TEST_STEP][PASSED] - click(findTestObject("Pembelian/Beli_Negatif/Page_Tas Belanja  IDPhotobook/delete_items_keranjang"), CONTINUE_ON_FAILURE): Object: 'Object Repository/Pembelian/Beli_Negatif/Page_Tas Belanja  IDPhotobook/delete_items_keranjang' is clicked on

2020-07-09 16:25:14 - [MESSAGE][PASSED] - Object: 'Object Repository/Pembelian/Beli_Negatif/Page_Tas Belanja  IDPhotobook/delete_items_keranjang' is clicked on

2020-07-09 16:25:14 - [TEST_STEP][PASSED] - click(findTestObject("Pembelian/Beli_Negatif/Page_Tas Belanja  IDPhotobook/button_Ya0"), CONTINUE_ON_FAILURE): Object: 'Object Repository/Pembelian/Beli_Negatif/Page_Tas Belanja  IDPhotobook/button_Ya0' is clicked on

2020-07-09 16:25:14 - [MESSAGE][PASSED] - Object: 'Object Repository/Pembelian/Beli_Negatif/Page_Tas Belanja  IDPhotobook/button_Ya0' is clicked on

2020-07-09 16:25:14 - [TEST_STEP][PASSED] - delay(2): Delayed 2 second(s)

2020-07-09 16:25:16 - [MESSAGE][PASSED] - Delayed 2 second(s)

2020-07-09 16:25:16 - [TEST_STEP][PASSED] - refresh(): Refresh successfully

2020-07-09 16:25:17 - [MESSAGE][PASSED] - Refresh successfully

2020-07-09 16:25:17 - [TEST_STEP][PASSED] - callTestCase(findTestCase("Services/SVC_Get Capture"), null, STOP_ON_FAILURE): Call Test Case 'Test Cases/Services/SVC_Get Capture' successfully

2020-07-09 16:25:17 - [TEST_CASE][PASSED] - Test Cases/Services/SVC_Get Capture: Test Cases/Services/SVC_Get Capture

2020-07-09 16:25:17 - [TEST_STEP][PASSED] - delay(TimeDelay): Delayed 1 second(s)

2020-07-09 16:25:18 - [MESSAGE][PASSED] - Delayed 1 second(s)

2020-07-09 16:25:18 - [TEST_STEP][PASSED] - GetPath = SetPathCapture: null

2020-07-09 16:25:18 - [TEST_STEP][PASSED] - GetPathData = GetPath + "\" + SetTestScriptID: null

2020-07-09 16:25:18 - [TEST_STEP][PASSED] - SetPath = Paths.get(GetPathData): null

2020-07-09 16:25:18 - [TEST_STEP][PASSED] - if (Files.notExists(SetPath)): null

2020-07-09 16:25:18 - [TEST_STEP][PASSED] - today = new java.util.Date(): null

2020-07-09 16:25:18 - [TEST_STEP][PASSED] - CapturePath = SetPath: null

2020-07-09 16:25:18 - [TEST_STEP][PASSED] - GetSubCapture = CapturePath: null

2020-07-09 16:25:18 - [TEST_STEP][PASSED] - CapturePath += "\": null

2020-07-09 16:25:18 - [TEST_STEP][PASSED] - if (VerifyCheck == true): Taking screenshot successfully

2020-07-09 16:25:18 - [TEST_STEP][PASSED] - takeScreenshot(CapturePath + today.format("ddMMyy") + today.format("hhmmss") + "_" + SetTestScriptID + ".png"): Taking screenshot successfully

2020-07-09 16:25:19 - [MESSAGE][PASSED] - Taking screenshot successfully
[[ATTACHMENT|D:\\Test IPB\\Result\\IDPhotoBooks\\Run_6\\Pembelian_Negatif\\090720042518_Pembelian_Negatif.png]]

2020-07-09 16:25:19 - [MESSAGE][PASSED] - Call Test Case 'Test Cases/Services/SVC_Get Capture' successfully

2020-07-09 16:25:19 - [TEST_STEP][PASSED] - verifyElementPresent(findTestObject("Pembelian/Beli_Negatif/Page_Tas Belanja  IDPhotobook/delete_items_keranjang"), 5, CONTINUE_ON_FAILURE): Object 'Object Repository/Pembelian/Beli_Negatif/Page_Tas Belanja  IDPhotobook/delete_items_keranjang' is present

2020-07-09 16:25:19 - [MESSAGE][PASSED] - Object 'Object Repository/Pembelian/Beli_Negatif/Page_Tas Belanja  IDPhotobook/delete_items_keranjang' is present

2020-07-09 16:25:19 - [TEST_STEP][PASSED] - click(findTestObject("Pembelian/Beli_Negatif/Page_Tas Belanja  IDPhotobook/delete_items_keranjang"), CONTINUE_ON_FAILURE): Object: 'Object Repository/Pembelian/Beli_Negatif/Page_Tas Belanja  IDPhotobook/delete_items_keranjang' is clicked on

2020-07-09 16:25:20 - [MESSAGE][PASSED] - Object: 'Object Repository/Pembelian/Beli_Negatif/Page_Tas Belanja  IDPhotobook/delete_items_keranjang' is clicked on

2020-07-09 16:25:20 - [TEST_STEP][PASSED] - click(findTestObject("Pembelian/Beli_Negatif/Page_Tas Belanja  IDPhotobook/button_Ya0"), CONTINUE_ON_FAILURE): Object: 'Object Repository/Pembelian/Beli_Negatif/Page_Tas Belanja  IDPhotobook/button_Ya0' is clicked on

2020-07-09 16:25:20 - [MESSAGE][PASSED] - Object: 'Object Repository/Pembelian/Beli_Negatif/Page_Tas Belanja  IDPhotobook/button_Ya0' is clicked on

2020-07-09 16:25:20 - [TEST_STEP][PASSED] - delay(2): Delayed 2 second(s)

2020-07-09 16:25:22 - [MESSAGE][PASSED] - Delayed 2 second(s)

2020-07-09 16:25:22 - [TEST_STEP][PASSED] - callTestCase(findTestCase("Services/SVC_Get Capture"), null, STOP_ON_FAILURE): Call Test Case 'Test Cases/Services/SVC_Get Capture' successfully

2020-07-09 16:25:22 - [TEST_CASE][PASSED] - Test Cases/Services/SVC_Get Capture: Test Cases/Services/SVC_Get Capture

2020-07-09 16:25:22 - [TEST_STEP][PASSED] - delay(TimeDelay): Delayed 1 second(s)

2020-07-09 16:25:23 - [MESSAGE][PASSED] - Delayed 1 second(s)

2020-07-09 16:25:23 - [TEST_STEP][PASSED] - GetPath = SetPathCapture: null

2020-07-09 16:25:23 - [TEST_STEP][PASSED] - GetPathData = GetPath + "\" + SetTestScriptID: null

2020-07-09 16:25:23 - [TEST_STEP][PASSED] - SetPath = Paths.get(GetPathData): null

2020-07-09 16:25:23 - [TEST_STEP][PASSED] - if (Files.notExists(SetPath)): null

2020-07-09 16:25:23 - [TEST_STEP][PASSED] - today = new java.util.Date(): null

2020-07-09 16:25:23 - [TEST_STEP][PASSED] - CapturePath = SetPath: null

2020-07-09 16:25:23 - [TEST_STEP][PASSED] - GetSubCapture = CapturePath: null

2020-07-09 16:25:23 - [TEST_STEP][PASSED] - CapturePath += "\": null

2020-07-09 16:25:23 - [TEST_STEP][PASSED] - if (VerifyCheck == true): Taking screenshot successfully

2020-07-09 16:25:23 - [TEST_STEP][PASSED] - takeScreenshot(CapturePath + today.format("ddMMyy") + today.format("hhmmss") + "_" + SetTestScriptID + ".png"): Taking screenshot successfully

2020-07-09 16:25:24 - [MESSAGE][PASSED] - Taking screenshot successfully
[[ATTACHMENT|D:\\Test IPB\\Result\\IDPhotoBooks\\Run_6\\Pembelian_Negatif\\090720042523_Pembelian_Negatif.png]]

2020-07-09 16:25:24 - [MESSAGE][PASSED] - Call Test Case 'Test Cases/Services/SVC_Get Capture' successfully

2020-07-09 16:25:24 - [TEST_STEP][PASSED] - verifyTextPresent("Keranjang belanja moms masih kosong!", false, STOP_ON_FAILURE): Text 'Keranjang belanja moms masih kosong!' is present on page 

2020-07-09 16:25:24 - [MESSAGE][PASSED] - Text 'Keranjang belanja moms masih kosong!' is present on page 

2020-07-09 16:25:24 - [TEST_STEP][PASSED] - closeBrowser(): Browser is closed

2020-07-09 16:25:25 - [MESSAGE][PASSED] - Browser is closed]]></system-out>
         <system-err><![CDATA[]]></system-err>
      </testcase>
      <system-out><![CDATA[2020-07-09 16:21:52 - [TEST_SUITE][FAILED] - Beli: Test Cases/Pembelian/Pembelian_Positif FAILED.
Reason:
com.kms.katalon.core.exception.StepFailedException: Unable to click on object 'Object Repository/Pembelian/Beli_Positif/Page_Pembayaran  IDPhotobook/button_Cek Status'
	at com.kms.katalon.core.webui.keyword.internal.WebUIKeywordMain.stepFailed(WebUIKeywordMain.groovy:64)
	at com.kms.katalon.core.webui.keyword.internal.WebUIKeywordMain.runKeyword(WebUIKeywordMain.groovy:26)
	at com.kms.katalon.core.webui.keyword.builtin.ClickKeyword.click(ClickKeyword.groovy:76)
	at com.kms.katalon.core.webui.keyword.builtin.ClickKeyword.execute(ClickKeyword.groovy:43)
	at com.kms.katalon.core.keyword.internal.KeywordExecutor.executeKeywordForPlatform(KeywordExecutor.groovy:72)
	at com.kms.katalon.core.webui.keyword.WebUiBuiltInKeywords.click(WebUiBuiltInKeywords.groovy:616)
	at com.kms.katalon.core.webui.keyword.WebUiBuiltInKeywords$click$1.call(Unknown Source)
	at Pembelian_Positif.run(Pembelian_Positif:162)
	at com.kms.katalon.core.main.ScriptEngine.run(ScriptEngine.java:194)
	at com.kms.katalon.core.main.ScriptEngine.runScriptAsRawText(ScriptEngine.java:119)
	at com.kms.katalon.core.main.TestCaseExecutor.runScript(TestCaseExecutor.java:337)
	at com.kms.katalon.core.main.TestCaseExecutor.doExecute(TestCaseExecutor.java:328)
	at com.kms.katalon.core.main.TestCaseExecutor.processExecutionPhase(TestCaseExecutor.java:307)
	at com.kms.katalon.core.main.TestCaseExecutor.accessMainPhase(TestCaseExecutor.java:299)
	at com.kms.katalon.core.main.TestCaseExecutor.execute(TestCaseExecutor.java:233)
	at com.kms.katalon.core.main.TestSuiteExecutor.accessTestCaseMainPhase(TestSuiteExecutor.java:169)
	at com.kms.katalon.core.main.TestSuiteExecutor.accessTestSuiteMainPhase(TestSuiteExecutor.java:142)
	at com.kms.katalon.core.main.TestSuiteExecutor.execute(TestSuiteExecutor.java:91)
	at com.kms.katalon.core.main.TestCaseMain.startTestSuite(TestCaseMain.java:157)
	at com.kms.katalon.core.main.TestCaseMain$startTestSuite$0.call(Unknown Source)
	at TempTestSuite1594286510876.run(TempTestSuite1594286510876.groovy:37)
Caused by: com.kms.katalon.core.webui.exception.WebElementNotFoundException: Web element with id: 'Object Repository/Pembelian/Beli_Positif/Page_Pembayaran  IDPhotobook/button_Cek Status' located by 'By.xpath: (.//*[normalize-space(text()) and normalize-space(.)='Ubah File'])[1]/following::button[1]' not found
	at com.kms.katalon.core.webui.common.WebUiCommonHelper.findWebElement(WebUiCommonHelper.java:1154)
	at com.kms.katalon.core.webui.keyword.internal.WebUIAbstractKeyword.findWebElement(WebUIAbstractKeyword.groovy:27)
	at com.kms.katalon.core.webui.keyword.internal.WebUIAbstractKeyword.findWebElement(WebUIAbstractKeyword.groovy:26)
	at com.kms.katalon.core.webui.keyword.builtin.ClickKeyword$_click_closure1.doCall(ClickKeyword.groovy:67)
	at com.kms.katalon.core.webui.keyword.builtin.ClickKeyword$_click_closure1.call(ClickKeyword.groovy)
	at com.kms.katalon.core.webui.keyword.internal.WebUIKeywordMain.runKeyword(WebUIKeywordMain.groovy:20)
	... 19 more]]></system-out>
      <system-err><![CDATA[2020-07-09 16:21:52 - [TEST_SUITE][FAILED] - Beli: Test Cases/Pembelian/Pembelian_Positif FAILED.
Reason:
com.kms.katalon.core.exception.StepFailedException: Unable to click on object 'Object Repository/Pembelian/Beli_Positif/Page_Pembayaran  IDPhotobook/button_Cek Status'
	at com.kms.katalon.core.webui.keyword.internal.WebUIKeywordMain.stepFailed(WebUIKeywordMain.groovy:64)
	at com.kms.katalon.core.webui.keyword.internal.WebUIKeywordMain.runKeyword(WebUIKeywordMain.groovy:26)
	at com.kms.katalon.core.webui.keyword.builtin.ClickKeyword.click(ClickKeyword.groovy:76)
	at com.kms.katalon.core.webui.keyword.builtin.ClickKeyword.execute(ClickKeyword.groovy:43)
	at com.kms.katalon.core.keyword.internal.KeywordExecutor.executeKeywordForPlatform(KeywordExecutor.groovy:72)
	at com.kms.katalon.core.webui.keyword.WebUiBuiltInKeywords.click(WebUiBuiltInKeywords.groovy:616)
	at com.kms.katalon.core.webui.keyword.WebUiBuiltInKeywords$click$1.call(Unknown Source)
	at Pembelian_Positif.run(Pembelian_Positif:162)
	at com.kms.katalon.core.main.ScriptEngine.run(ScriptEngine.java:194)
	at com.kms.katalon.core.main.ScriptEngine.runScriptAsRawText(ScriptEngine.java:119)
	at com.kms.katalon.core.main.TestCaseExecutor.runScript(TestCaseExecutor.java:337)
	at com.kms.katalon.core.main.TestCaseExecutor.doExecute(TestCaseExecutor.java:328)
	at com.kms.katalon.core.main.TestCaseExecutor.processExecutionPhase(TestCaseExecutor.java:307)
	at com.kms.katalon.core.main.TestCaseExecutor.accessMainPhase(TestCaseExecutor.java:299)
	at com.kms.katalon.core.main.TestCaseExecutor.execute(TestCaseExecutor.java:233)
	at com.kms.katalon.core.main.TestSuiteExecutor.accessTestCaseMainPhase(TestSuiteExecutor.java:169)
	at com.kms.katalon.core.main.TestSuiteExecutor.accessTestSuiteMainPhase(TestSuiteExecutor.java:142)
	at com.kms.katalon.core.main.TestSuiteExecutor.execute(TestSuiteExecutor.java:91)
	at com.kms.katalon.core.main.TestCaseMain.startTestSuite(TestCaseMain.java:157)
	at com.kms.katalon.core.main.TestCaseMain$startTestSuite$0.call(Unknown Source)
	at TempTestSuite1594286510876.run(TempTestSuite1594286510876.groovy:37)
Caused by: com.kms.katalon.core.webui.exception.WebElementNotFoundException: Web element with id: 'Object Repository/Pembelian/Beli_Positif/Page_Pembayaran  IDPhotobook/button_Cek Status' located by 'By.xpath: (.//*[normalize-space(text()) and normalize-space(.)='Ubah File'])[1]/following::button[1]' not found
	at com.kms.katalon.core.webui.common.WebUiCommonHelper.findWebElement(WebUiCommonHelper.java:1154)
	at com.kms.katalon.core.webui.keyword.internal.WebUIAbstractKeyword.findWebElement(WebUIAbstractKeyword.groovy:27)
	at com.kms.katalon.core.webui.keyword.internal.WebUIAbstractKeyword.findWebElement(WebUIAbstractKeyword.groovy:26)
	at com.kms.katalon.core.webui.keyword.builtin.ClickKeyword$_click_closure1.doCall(ClickKeyword.groovy:67)
	at com.kms.katalon.core.webui.keyword.builtin.ClickKeyword$_click_closure1.call(ClickKeyword.groovy)
	at com.kms.katalon.core.webui.keyword.internal.WebUIKeywordMain.runKeyword(WebUIKeywordMain.groovy:20)
	... 19 more]]></system-err>
   </testsuite>
</testsuites>
